<!DOCTYPE html>
<html>
<head>
  <title>JMockit Coverage Report - TransactionSearchService.java</title>
  <meta http-equiv='Content-Type' content='text/html; charset=UTF-8'/>
  <link rel='stylesheet' type='text/css' href='../../../../../../coverage.css'/>
  <script type='text/javascript' src='../../../../../../coverage.js'></script>
  <script type='text/javascript' src='../../../../../../prettify.js'></script>
</head>
<body onload='prettyPrint()'>
  <table cellpadding='0' cellspacing='1'>
    <caption>develop/src/com/moneydance/modules/features/paypal/service/TransactionSearchService.java</caption>
    <tr>
      <td class='line'></td><td>&nbsp;</td>
      <td class='comment' onclick='showHideLines(this)'><div>/*
 * PayPal for Moneydance - http://my-flow.github.io/paypalformoneydance/
 * Copyright (C) 2013 Florian J. Breunig. All rights reserved.
 */</div><span>/*...*/</span></td>
    </tr>
    <tr><td class='line'></td><td colspan='2'>&nbsp;</td></tr>
    <tr>
      <td class='line'>6</td><td>&nbsp;</td>
      <td><pre class='prettyprint'>package com.moneydance.modules.features.paypal.service;</pre></td>
    </tr>
    <tr><td class='line'></td><td colspan='2'>&nbsp;</td></tr>
    <tr>
      <td class='line'></td><td>&nbsp;</td>
      <td><pre class='imports prettyprint' onclick='showHideLines(this)'><div>import java.io.IOException;
import java.net.SocketException;
import java.net.UnknownHostException;
import java.text.DateFormat;
import java.text.SimpleDateFormat;
import java.util.Arrays;
import java.util.List;
import java.util.Locale;
import java.util.concurrent.Callable;

import javax.xml.parsers.ParserConfigurationException;

import org.apache.commons.lang3.Validate;
import org.xml.sax.SAXException;

import urn.ebay.api.PayPalAPI.PayPalAPIInterfaceServiceService;
import urn.ebay.api.PayPalAPI.TransactionSearchReq;
import urn.ebay.api.PayPalAPI.TransactionSearchRequestType;
import urn.ebay.api.PayPalAPI.TransactionSearchResponseType;
import urn.ebay.apis.eBLBaseComponents.AckCodeType;
import urn.ebay.apis.eBLBaseComponents.CurrencyCodeType;
import urn.ebay.apis.eBLBaseComponents.PaymentTransactionClassCodeType;
import urn.ebay.apis.eBLBaseComponents.PaymentTransactionSearchResultType;

import com.moneydance.apps.md.controller.DateRange;
import com.moneydance.apps.md.controller.Util;
import com.moneydance.modules.features.paypal.util.Helper;
import com.moneydance.modules.features.paypal.util.Localizable;
import com.paypal.exception.ClientActionRequiredException;
import com.paypal.exception.HttpErrorException;
import com.paypal.exception.InvalidCredentialException;
import com.paypal.exception.InvalidResponseDataException;
import com.paypal.exception.MissingCredentialException;
import com.paypal.exception.SSLConfigurationException;
import com.paypal.sdk.exceptions.OAuthException;
</div><span>import ...</span></pre></td>
    </tr>
    <tr><td class='line'></td><td colspan='2'>&nbsp;</td></tr>
    <tr>
      <td class='line'></td><td>&nbsp;</td>
      <td class='comment' onclick='showHideLines(this)'><div>/**
 * @author Florian J. Breunig
 */</div><span>/*...*/</span></td>
    </tr>
    <tr>
      <td class='line'>47</td><td>&nbsp;</td>
      <td><pre class='prettyprint'>public final class TransactionSearchService</pre></td>
    </tr>
    <tr>
      <td class='line'>48</td><td>&nbsp;</td>
      <td><pre class='prettyprint'>implements Callable&lt;ServiceResult&lt;PaymentTransactionSearchResultType>> {</pre></td>
    </tr>
    <tr><td class='line'></td><td colspan='2'>&nbsp;</td></tr>
    <tr>
      <td class='line'>50</td><td class='count'>1</td>
      <td><pre class='prettyprint covered cp' onclick='showHide(this)' id='l50s0'>    private static final PaymentTransactionClassCodeType PRIMARY_TXN_CLASS =</pre>
        <ol style='display: none'>
          <li>com.moneydance.modules.features.paypal.service.TransactionSearchServiceTest#testCallSuccessfulEmpty: 63</li>
        </ol>
      </td>
    </tr>
    <tr>
      <td class='line'>51</td><td class='count'>1</td>
      <td><pre class='prettyprint covered cp' onclick='showHide(this)' id='l51s0'>            PaymentTransactionClassCodeType.ALL;</pre>
        <ol style='display: none'>
          <li>com.moneydance.modules.features.paypal.service.TransactionSearchServiceTest#testCallSuccessfulEmpty: 63</li>
        </ol>
      </td>
    </tr>
    <tr><td class='line'></td><td colspan='2'>&nbsp;</td></tr>
    <tr>
      <td class='line'>53</td><td class='count'>1</td>
      <td><pre class='prettyprint covered cp' onclick='showHide(this)' id='l53s0'>    private static final PaymentTransactionClassCodeType SECONDARY_TXN_CLASS =</pre>
        <ol style='display: none'>
          <li>com.moneydance.modules.features.paypal.service.TransactionSearchServiceTest#testCallSuccessfulEmpty: 63</li>
        </ol>
      </td>
    </tr>
    <tr>
      <td class='line'>54</td><td class='count'>1</td>
      <td><pre class='prettyprint covered cp' onclick='showHide(this)' id='l54s0'>            PaymentTransactionClassCodeType.BALANCEAFFECTING;</pre>
        <ol style='display: none'>
          <li>com.moneydance.modules.features.paypal.service.TransactionSearchServiceTest#testCallSuccessfulEmpty: 63</li>
        </ol>
      </td>
    </tr>
    <tr><td class='line'></td><td colspan='2'>&nbsp;</td></tr>
    <tr>
      <td class='line'>56</td><td class='count'>1</td>
      <td><pre class='prettyprint covered cp' onclick='showHide(this)' id='l56s0'>    private static final AckCodeType[] ACK_CODES =</pre>
        <ol style='display: none'>
          <li>com.moneydance.modules.features.paypal.service.TransactionSearchServiceTest#testCallSuccessfulEmpty: 63</li>
        </ol>
      </td>
    </tr>
    <tr>
      <td class='line'>57</td><td class='count'>2</td>
      <td><pre class='prettyprint covered cp' onclick='showHide(this)' id='l57s0'>        {AckCodeType.SUCCESS, AckCodeType.SUCCESSWITHWARNING};</pre>
        <ol style='display: none'>
          <li>com.moneydance.modules.features.paypal.service.TransactionSearchServiceTest#testCallSuccessfulEmpty: 63</li>
        </ol>
      </td>
    </tr>
    <tr><td class='line'></td><td colspan='2'>&nbsp;</td></tr>
    <tr>
      <td class='line'>59</td><td>&nbsp;</td>
      <td><pre class='prettyprint'>    private final Localizable localizable;</pre></td>
    </tr>
    <tr>
      <td class='line'>60</td><td>&nbsp;</td>
      <td><pre class='prettyprint'>    private final PayPalAPIInterfaceServiceService service;</pre></td>
    </tr>
    <tr>
      <td class='line'>61</td><td>&nbsp;</td>
      <td><pre class='prettyprint'>    private final CurrencyCodeType currencyCode;</pre></td>
    </tr>
    <tr>
      <td class='line'>62</td><td>&nbsp;</td>
      <td><pre class='prettyprint'>    private final boolean isPrimaryCurrency;</pre></td>
    </tr>
    <tr>
      <td class='line'>63</td><td>&nbsp;</td>
      <td><pre class='prettyprint'>    private final DateRange dateRange;</pre></td>
    </tr>
    <tr>
      <td class='line'>64</td><td>&nbsp;</td>
      <td><pre class='prettyprint'>    private final Locale errorLocale;</pre></td>
    </tr>
    <tr>
      <td class='line'>65</td><td>&nbsp;</td>
      <td><pre class='prettyprint'>    private final DateFormat dateFormat;</pre></td>
    </tr>
    <tr><td class='line'></td><td colspan='2'>&nbsp;</td></tr>
    <tr>
      <td class='line'>67</td><td class='count'>16</td>
      <td><pre class='prettyprint covered cp' onclick='showHide(this)' id='l67s0'>    public TransactionSearchService(</pre>
        <ol style='display: none'>
          <li>com.moneydance.modules.features.paypal.service.TransactionSearchServiceTest#testCallSuccessfulEmpty: 63</li>
          <li>com.moneydance.modules.features.paypal.service.TransactionSearchServiceTest#testCallSuccessfulFilled: 86</li>
          <li>com.moneydance.modules.features.paypal.service.TransactionSearchServiceTest#testCallFail: 106</li>
          <li>com.moneydance.modules.features.paypal.service.TransactionSearchServiceTest#testCallFailUnknownHostException: 128</li>
          <li>com.moneydance.modules.features.paypal.service.TransactionSearchServiceTest#testCallFailSocketException: 150</li>
          <li>com.moneydance.modules.features.paypal.service.TransactionSearchServiceTest#testCallFailIOException: 172</li>
          <li>com.moneydance.modules.features.paypal.service.TransactionSearchServiceTest#testCallFailSSLException: 194</li>
          <li>com.moneydance.modules.features.paypal.service.TransactionSearchServiceTest#testCallFailInvalidCredentialException: 216</li>
          <li>com.moneydance.modules.features.paypal.service.TransactionSearchServiceTest#testCallFailHttpErrorException: 238</li>
          <li>com.moneydance.modules.features.paypal.service.TransactionSearchServiceTest#testCallFailInvalidResponseDataException: 260</li>
          <li>com.moneydance.modules.features.paypal.service.TransactionSearchServiceTest#testCallFailClientActionRequiredException: 282</li>
          <li>com.moneydance.modules.features.paypal.service.TransactionSearchServiceTest#testCallFailMissingCredentialException: 304</li>
          <li>com.moneydance.modules.features.paypal.service.TransactionSearchServiceTest#testCallFailOAuthException: 326</li>
          <li>com.moneydance.modules.features.paypal.service.TransactionSearchServiceTest#testCallFailInterruptedException: 348</li>
          <li>com.moneydance.modules.features.paypal.service.TransactionSearchServiceTest#testCallFailParserConfigurationException: 370</li>
          <li>com.moneydance.modules.features.paypal.service.TransactionSearchServiceTest#testCallFailSAXException: 392</li>
        </ol>
      </td>
    </tr>
    <tr>
      <td class='line'>68</td><td>&nbsp;</td>
      <td><pre class='prettyprint'>            final PayPalAPIInterfaceServiceService argService,</pre></td>
    </tr>
    <tr>
      <td class='line'>69</td><td>&nbsp;</td>
      <td><pre class='prettyprint'>            final CurrencyCodeType argCurrencyCode,</pre></td>
    </tr>
    <tr>
      <td class='line'>70</td><td>&nbsp;</td>
      <td><pre class='prettyprint'>            final boolean argIsPrimaryCurrency,</pre></td>
    </tr>
    <tr>
      <td class='line'>71</td><td>&nbsp;</td>
      <td><pre class='prettyprint'>            final DateRange argDateRange,</pre></td>
    </tr>
    <tr>
      <td class='line'>72</td><td>&nbsp;</td>
      <td><pre class='prettyprint'>            final Locale argErrorLocale) {</pre></td>
    </tr>
    <tr>
      <td class='line'>73</td><td class='count'>16</td>
      <td><pre class='prettyprint covered cp' onclick='showHide(this)' id='l73s0'>        this.localizable = Helper.INSTANCE.getLocalizable();</pre>
        <ol style='display: none'>
          <li>com.moneydance.modules.features.paypal.service.TransactionSearchServiceTest#testCallSuccessfulEmpty: 63</li>
          <li>com.moneydance.modules.features.paypal.service.TransactionSearchServiceTest#testCallSuccessfulFilled: 86</li>
          <li>com.moneydance.modules.features.paypal.service.TransactionSearchServiceTest#testCallFail: 106</li>
          <li>com.moneydance.modules.features.paypal.service.TransactionSearchServiceTest#testCallFailUnknownHostException: 128</li>
          <li>com.moneydance.modules.features.paypal.service.TransactionSearchServiceTest#testCallFailSocketException: 150</li>
          <li>com.moneydance.modules.features.paypal.service.TransactionSearchServiceTest#testCallFailIOException: 172</li>
          <li>com.moneydance.modules.features.paypal.service.TransactionSearchServiceTest#testCallFailSSLException: 194</li>
          <li>com.moneydance.modules.features.paypal.service.TransactionSearchServiceTest#testCallFailInvalidCredentialException: 216</li>
          <li>com.moneydance.modules.features.paypal.service.TransactionSearchServiceTest#testCallFailHttpErrorException: 238</li>
          <li>com.moneydance.modules.features.paypal.service.TransactionSearchServiceTest#testCallFailInvalidResponseDataException: 260</li>
          <li>com.moneydance.modules.features.paypal.service.TransactionSearchServiceTest#testCallFailClientActionRequiredException: 282</li>
          <li>com.moneydance.modules.features.paypal.service.TransactionSearchServiceTest#testCallFailMissingCredentialException: 304</li>
          <li>com.moneydance.modules.features.paypal.service.TransactionSearchServiceTest#testCallFailOAuthException: 326</li>
          <li>com.moneydance.modules.features.paypal.service.TransactionSearchServiceTest#testCallFailInterruptedException: 348</li>
          <li>com.moneydance.modules.features.paypal.service.TransactionSearchServiceTest#testCallFailParserConfigurationException: 370</li>
          <li>com.moneydance.modules.features.paypal.service.TransactionSearchServiceTest#testCallFailSAXException: 392</li>
        </ol>
      </td>
    </tr>
    <tr>
      <td class='line'>74</td><td class='count'>16</td>
      <td><pre class='prettyprint covered cp' onclick='showHide(this)' id='l74s0'>        Validate.notNull(argService, "service must not be null");</pre>
        <ol style='display: none'>
          <li>com.moneydance.modules.features.paypal.service.TransactionSearchServiceTest#testCallSuccessfulEmpty: 63</li>
          <li>com.moneydance.modules.features.paypal.service.TransactionSearchServiceTest#testCallSuccessfulFilled: 86</li>
          <li>com.moneydance.modules.features.paypal.service.TransactionSearchServiceTest#testCallFail: 106</li>
          <li>com.moneydance.modules.features.paypal.service.TransactionSearchServiceTest#testCallFailUnknownHostException: 128</li>
          <li>com.moneydance.modules.features.paypal.service.TransactionSearchServiceTest#testCallFailSocketException: 150</li>
          <li>com.moneydance.modules.features.paypal.service.TransactionSearchServiceTest#testCallFailIOException: 172</li>
          <li>com.moneydance.modules.features.paypal.service.TransactionSearchServiceTest#testCallFailSSLException: 194</li>
          <li>com.moneydance.modules.features.paypal.service.TransactionSearchServiceTest#testCallFailInvalidCredentialException: 216</li>
          <li>com.moneydance.modules.features.paypal.service.TransactionSearchServiceTest#testCallFailHttpErrorException: 238</li>
          <li>com.moneydance.modules.features.paypal.service.TransactionSearchServiceTest#testCallFailInvalidResponseDataException: 260</li>
          <li>com.moneydance.modules.features.paypal.service.TransactionSearchServiceTest#testCallFailClientActionRequiredException: 282</li>
          <li>com.moneydance.modules.features.paypal.service.TransactionSearchServiceTest#testCallFailMissingCredentialException: 304</li>
          <li>com.moneydance.modules.features.paypal.service.TransactionSearchServiceTest#testCallFailOAuthException: 326</li>
          <li>com.moneydance.modules.features.paypal.service.TransactionSearchServiceTest#testCallFailInterruptedException: 348</li>
          <li>com.moneydance.modules.features.paypal.service.TransactionSearchServiceTest#testCallFailParserConfigurationException: 370</li>
          <li>com.moneydance.modules.features.paypal.service.TransactionSearchServiceTest#testCallFailSAXException: 392</li>
        </ol>
      </td>
    </tr>
    <tr>
      <td class='line'>75</td><td class='count'>16</td>
      <td><pre class='prettyprint covered cp' onclick='showHide(this)' id='l75s0'>        Validate.notNull(argCurrencyCode, "currency code must not be null");</pre>
        <ol style='display: none'>
          <li>com.moneydance.modules.features.paypal.service.TransactionSearchServiceTest#testCallSuccessfulEmpty: 63</li>
          <li>com.moneydance.modules.features.paypal.service.TransactionSearchServiceTest#testCallSuccessfulFilled: 86</li>
          <li>com.moneydance.modules.features.paypal.service.TransactionSearchServiceTest#testCallFail: 106</li>
          <li>com.moneydance.modules.features.paypal.service.TransactionSearchServiceTest#testCallFailUnknownHostException: 128</li>
          <li>com.moneydance.modules.features.paypal.service.TransactionSearchServiceTest#testCallFailSocketException: 150</li>
          <li>com.moneydance.modules.features.paypal.service.TransactionSearchServiceTest#testCallFailIOException: 172</li>
          <li>com.moneydance.modules.features.paypal.service.TransactionSearchServiceTest#testCallFailSSLException: 194</li>
          <li>com.moneydance.modules.features.paypal.service.TransactionSearchServiceTest#testCallFailInvalidCredentialException: 216</li>
          <li>com.moneydance.modules.features.paypal.service.TransactionSearchServiceTest#testCallFailHttpErrorException: 238</li>
          <li>com.moneydance.modules.features.paypal.service.TransactionSearchServiceTest#testCallFailInvalidResponseDataException: 260</li>
          <li>com.moneydance.modules.features.paypal.service.TransactionSearchServiceTest#testCallFailClientActionRequiredException: 282</li>
          <li>com.moneydance.modules.features.paypal.service.TransactionSearchServiceTest#testCallFailMissingCredentialException: 304</li>
          <li>com.moneydance.modules.features.paypal.service.TransactionSearchServiceTest#testCallFailOAuthException: 326</li>
          <li>com.moneydance.modules.features.paypal.service.TransactionSearchServiceTest#testCallFailInterruptedException: 348</li>
          <li>com.moneydance.modules.features.paypal.service.TransactionSearchServiceTest#testCallFailParserConfigurationException: 370</li>
          <li>com.moneydance.modules.features.paypal.service.TransactionSearchServiceTest#testCallFailSAXException: 392</li>
        </ol>
      </td>
    </tr>
    <tr>
      <td class='line'>76</td><td class='count'>16</td>
      <td><pre class='prettyprint covered cp' onclick='showHide(this)' id='l76s0'>        Validate.notNull(argDateRange, "date range must not be null");</pre>
        <ol style='display: none'>
          <li>com.moneydance.modules.features.paypal.service.TransactionSearchServiceTest#testCallSuccessfulEmpty: 63</li>
          <li>com.moneydance.modules.features.paypal.service.TransactionSearchServiceTest#testCallSuccessfulFilled: 86</li>
          <li>com.moneydance.modules.features.paypal.service.TransactionSearchServiceTest#testCallFail: 106</li>
          <li>com.moneydance.modules.features.paypal.service.TransactionSearchServiceTest#testCallFailUnknownHostException: 128</li>
          <li>com.moneydance.modules.features.paypal.service.TransactionSearchServiceTest#testCallFailSocketException: 150</li>
          <li>com.moneydance.modules.features.paypal.service.TransactionSearchServiceTest#testCallFailIOException: 172</li>
          <li>com.moneydance.modules.features.paypal.service.TransactionSearchServiceTest#testCallFailSSLException: 194</li>
          <li>com.moneydance.modules.features.paypal.service.TransactionSearchServiceTest#testCallFailInvalidCredentialException: 216</li>
          <li>com.moneydance.modules.features.paypal.service.TransactionSearchServiceTest#testCallFailHttpErrorException: 238</li>
          <li>com.moneydance.modules.features.paypal.service.TransactionSearchServiceTest#testCallFailInvalidResponseDataException: 260</li>
          <li>com.moneydance.modules.features.paypal.service.TransactionSearchServiceTest#testCallFailClientActionRequiredException: 282</li>
          <li>com.moneydance.modules.features.paypal.service.TransactionSearchServiceTest#testCallFailMissingCredentialException: 304</li>
          <li>com.moneydance.modules.features.paypal.service.TransactionSearchServiceTest#testCallFailOAuthException: 326</li>
          <li>com.moneydance.modules.features.paypal.service.TransactionSearchServiceTest#testCallFailInterruptedException: 348</li>
          <li>com.moneydance.modules.features.paypal.service.TransactionSearchServiceTest#testCallFailParserConfigurationException: 370</li>
          <li>com.moneydance.modules.features.paypal.service.TransactionSearchServiceTest#testCallFailSAXException: 392</li>
        </ol>
      </td>
    </tr>
    <tr>
      <td class='line'>77</td><td class='count'>16</td>
      <td><pre class='prettyprint covered cp' onclick='showHide(this)' id='l77s0'>        Validate.notNull(argErrorLocale, "error locale must not be null");</pre>
        <ol style='display: none'>
          <li>com.moneydance.modules.features.paypal.service.TransactionSearchServiceTest#testCallSuccessfulEmpty: 63</li>
          <li>com.moneydance.modules.features.paypal.service.TransactionSearchServiceTest#testCallSuccessfulFilled: 86</li>
          <li>com.moneydance.modules.features.paypal.service.TransactionSearchServiceTest#testCallFail: 106</li>
          <li>com.moneydance.modules.features.paypal.service.TransactionSearchServiceTest#testCallFailUnknownHostException: 128</li>
          <li>com.moneydance.modules.features.paypal.service.TransactionSearchServiceTest#testCallFailSocketException: 150</li>
          <li>com.moneydance.modules.features.paypal.service.TransactionSearchServiceTest#testCallFailIOException: 172</li>
          <li>com.moneydance.modules.features.paypal.service.TransactionSearchServiceTest#testCallFailSSLException: 194</li>
          <li>com.moneydance.modules.features.paypal.service.TransactionSearchServiceTest#testCallFailInvalidCredentialException: 216</li>
          <li>com.moneydance.modules.features.paypal.service.TransactionSearchServiceTest#testCallFailHttpErrorException: 238</li>
          <li>com.moneydance.modules.features.paypal.service.TransactionSearchServiceTest#testCallFailInvalidResponseDataException: 260</li>
          <li>com.moneydance.modules.features.paypal.service.TransactionSearchServiceTest#testCallFailClientActionRequiredException: 282</li>
          <li>com.moneydance.modules.features.paypal.service.TransactionSearchServiceTest#testCallFailMissingCredentialException: 304</li>
          <li>com.moneydance.modules.features.paypal.service.TransactionSearchServiceTest#testCallFailOAuthException: 326</li>
          <li>com.moneydance.modules.features.paypal.service.TransactionSearchServiceTest#testCallFailInterruptedException: 348</li>
          <li>com.moneydance.modules.features.paypal.service.TransactionSearchServiceTest#testCallFailParserConfigurationException: 370</li>
          <li>com.moneydance.modules.features.paypal.service.TransactionSearchServiceTest#testCallFailSAXException: 392</li>
        </ol>
      </td>
    </tr>
    <tr>
      <td class='line'>78</td><td class='count'>16</td>
      <td><pre class='prettyprint covered cp' onclick='showHide(this)' id='l78s0'>        this.service = argService;</pre>
        <ol style='display: none'>
          <li>com.moneydance.modules.features.paypal.service.TransactionSearchServiceTest#testCallSuccessfulEmpty: 63</li>
          <li>com.moneydance.modules.features.paypal.service.TransactionSearchServiceTest#testCallSuccessfulFilled: 86</li>
          <li>com.moneydance.modules.features.paypal.service.TransactionSearchServiceTest#testCallFail: 106</li>
          <li>com.moneydance.modules.features.paypal.service.TransactionSearchServiceTest#testCallFailUnknownHostException: 128</li>
          <li>com.moneydance.modules.features.paypal.service.TransactionSearchServiceTest#testCallFailSocketException: 150</li>
          <li>com.moneydance.modules.features.paypal.service.TransactionSearchServiceTest#testCallFailIOException: 172</li>
          <li>com.moneydance.modules.features.paypal.service.TransactionSearchServiceTest#testCallFailSSLException: 194</li>
          <li>com.moneydance.modules.features.paypal.service.TransactionSearchServiceTest#testCallFailInvalidCredentialException: 216</li>
          <li>com.moneydance.modules.features.paypal.service.TransactionSearchServiceTest#testCallFailHttpErrorException: 238</li>
          <li>com.moneydance.modules.features.paypal.service.TransactionSearchServiceTest#testCallFailInvalidResponseDataException: 260</li>
          <li>com.moneydance.modules.features.paypal.service.TransactionSearchServiceTest#testCallFailClientActionRequiredException: 282</li>
          <li>com.moneydance.modules.features.paypal.service.TransactionSearchServiceTest#testCallFailMissingCredentialException: 304</li>
          <li>com.moneydance.modules.features.paypal.service.TransactionSearchServiceTest#testCallFailOAuthException: 326</li>
          <li>com.moneydance.modules.features.paypal.service.TransactionSearchServiceTest#testCallFailInterruptedException: 348</li>
          <li>com.moneydance.modules.features.paypal.service.TransactionSearchServiceTest#testCallFailParserConfigurationException: 370</li>
          <li>com.moneydance.modules.features.paypal.service.TransactionSearchServiceTest#testCallFailSAXException: 392</li>
        </ol>
      </td>
    </tr>
    <tr>
      <td class='line'>79</td><td class='count'>16</td>
      <td><pre class='prettyprint covered cp' onclick='showHide(this)' id='l79s0'>        this.currencyCode = argCurrencyCode;</pre>
        <ol style='display: none'>
          <li>com.moneydance.modules.features.paypal.service.TransactionSearchServiceTest#testCallSuccessfulEmpty: 63</li>
          <li>com.moneydance.modules.features.paypal.service.TransactionSearchServiceTest#testCallSuccessfulFilled: 86</li>
          <li>com.moneydance.modules.features.paypal.service.TransactionSearchServiceTest#testCallFail: 106</li>
          <li>com.moneydance.modules.features.paypal.service.TransactionSearchServiceTest#testCallFailUnknownHostException: 128</li>
          <li>com.moneydance.modules.features.paypal.service.TransactionSearchServiceTest#testCallFailSocketException: 150</li>
          <li>com.moneydance.modules.features.paypal.service.TransactionSearchServiceTest#testCallFailIOException: 172</li>
          <li>com.moneydance.modules.features.paypal.service.TransactionSearchServiceTest#testCallFailSSLException: 194</li>
          <li>com.moneydance.modules.features.paypal.service.TransactionSearchServiceTest#testCallFailInvalidCredentialException: 216</li>
          <li>com.moneydance.modules.features.paypal.service.TransactionSearchServiceTest#testCallFailHttpErrorException: 238</li>
          <li>com.moneydance.modules.features.paypal.service.TransactionSearchServiceTest#testCallFailInvalidResponseDataException: 260</li>
          <li>com.moneydance.modules.features.paypal.service.TransactionSearchServiceTest#testCallFailClientActionRequiredException: 282</li>
          <li>com.moneydance.modules.features.paypal.service.TransactionSearchServiceTest#testCallFailMissingCredentialException: 304</li>
          <li>com.moneydance.modules.features.paypal.service.TransactionSearchServiceTest#testCallFailOAuthException: 326</li>
          <li>com.moneydance.modules.features.paypal.service.TransactionSearchServiceTest#testCallFailInterruptedException: 348</li>
          <li>com.moneydance.modules.features.paypal.service.TransactionSearchServiceTest#testCallFailParserConfigurationException: 370</li>
          <li>com.moneydance.modules.features.paypal.service.TransactionSearchServiceTest#testCallFailSAXException: 392</li>
        </ol>
      </td>
    </tr>
    <tr>
      <td class='line'>80</td><td class='count'>16</td>
      <td><pre class='prettyprint covered cp' onclick='showHide(this)' id='l80s0'>        this.isPrimaryCurrency = argIsPrimaryCurrency;</pre>
        <ol style='display: none'>
          <li>com.moneydance.modules.features.paypal.service.TransactionSearchServiceTest#testCallSuccessfulEmpty: 63</li>
          <li>com.moneydance.modules.features.paypal.service.TransactionSearchServiceTest#testCallSuccessfulFilled: 86</li>
          <li>com.moneydance.modules.features.paypal.service.TransactionSearchServiceTest#testCallFail: 106</li>
          <li>com.moneydance.modules.features.paypal.service.TransactionSearchServiceTest#testCallFailUnknownHostException: 128</li>
          <li>com.moneydance.modules.features.paypal.service.TransactionSearchServiceTest#testCallFailSocketException: 150</li>
          <li>com.moneydance.modules.features.paypal.service.TransactionSearchServiceTest#testCallFailIOException: 172</li>
          <li>com.moneydance.modules.features.paypal.service.TransactionSearchServiceTest#testCallFailSSLException: 194</li>
          <li>com.moneydance.modules.features.paypal.service.TransactionSearchServiceTest#testCallFailInvalidCredentialException: 216</li>
          <li>com.moneydance.modules.features.paypal.service.TransactionSearchServiceTest#testCallFailHttpErrorException: 238</li>
          <li>com.moneydance.modules.features.paypal.service.TransactionSearchServiceTest#testCallFailInvalidResponseDataException: 260</li>
          <li>com.moneydance.modules.features.paypal.service.TransactionSearchServiceTest#testCallFailClientActionRequiredException: 282</li>
          <li>com.moneydance.modules.features.paypal.service.TransactionSearchServiceTest#testCallFailMissingCredentialException: 304</li>
          <li>com.moneydance.modules.features.paypal.service.TransactionSearchServiceTest#testCallFailOAuthException: 326</li>
          <li>com.moneydance.modules.features.paypal.service.TransactionSearchServiceTest#testCallFailInterruptedException: 348</li>
          <li>com.moneydance.modules.features.paypal.service.TransactionSearchServiceTest#testCallFailParserConfigurationException: 370</li>
          <li>com.moneydance.modules.features.paypal.service.TransactionSearchServiceTest#testCallFailSAXException: 392</li>
        </ol>
      </td>
    </tr>
    <tr>
      <td class='line'>81</td><td class='count'>16</td>
      <td><pre class='prettyprint covered cp' onclick='showHide(this)' id='l81s0'>        this.dateRange = argDateRange;</pre>
        <ol style='display: none'>
          <li>com.moneydance.modules.features.paypal.service.TransactionSearchServiceTest#testCallSuccessfulEmpty: 63</li>
          <li>com.moneydance.modules.features.paypal.service.TransactionSearchServiceTest#testCallSuccessfulFilled: 86</li>
          <li>com.moneydance.modules.features.paypal.service.TransactionSearchServiceTest#testCallFail: 106</li>
          <li>com.moneydance.modules.features.paypal.service.TransactionSearchServiceTest#testCallFailUnknownHostException: 128</li>
          <li>com.moneydance.modules.features.paypal.service.TransactionSearchServiceTest#testCallFailSocketException: 150</li>
          <li>com.moneydance.modules.features.paypal.service.TransactionSearchServiceTest#testCallFailIOException: 172</li>
          <li>com.moneydance.modules.features.paypal.service.TransactionSearchServiceTest#testCallFailSSLException: 194</li>
          <li>com.moneydance.modules.features.paypal.service.TransactionSearchServiceTest#testCallFailInvalidCredentialException: 216</li>
          <li>com.moneydance.modules.features.paypal.service.TransactionSearchServiceTest#testCallFailHttpErrorException: 238</li>
          <li>com.moneydance.modules.features.paypal.service.TransactionSearchServiceTest#testCallFailInvalidResponseDataException: 260</li>
          <li>com.moneydance.modules.features.paypal.service.TransactionSearchServiceTest#testCallFailClientActionRequiredException: 282</li>
          <li>com.moneydance.modules.features.paypal.service.TransactionSearchServiceTest#testCallFailMissingCredentialException: 304</li>
          <li>com.moneydance.modules.features.paypal.service.TransactionSearchServiceTest#testCallFailOAuthException: 326</li>
          <li>com.moneydance.modules.features.paypal.service.TransactionSearchServiceTest#testCallFailInterruptedException: 348</li>
          <li>com.moneydance.modules.features.paypal.service.TransactionSearchServiceTest#testCallFailParserConfigurationException: 370</li>
          <li>com.moneydance.modules.features.paypal.service.TransactionSearchServiceTest#testCallFailSAXException: 392</li>
        </ol>
      </td>
    </tr>
    <tr>
      <td class='line'>82</td><td class='count'>16</td>
      <td><pre class='prettyprint covered cp' onclick='showHide(this)' id='l82s0'>        this.errorLocale = argErrorLocale;</pre>
        <ol style='display: none'>
          <li>com.moneydance.modules.features.paypal.service.TransactionSearchServiceTest#testCallSuccessfulEmpty: 63</li>
          <li>com.moneydance.modules.features.paypal.service.TransactionSearchServiceTest#testCallSuccessfulFilled: 86</li>
          <li>com.moneydance.modules.features.paypal.service.TransactionSearchServiceTest#testCallFail: 106</li>
          <li>com.moneydance.modules.features.paypal.service.TransactionSearchServiceTest#testCallFailUnknownHostException: 128</li>
          <li>com.moneydance.modules.features.paypal.service.TransactionSearchServiceTest#testCallFailSocketException: 150</li>
          <li>com.moneydance.modules.features.paypal.service.TransactionSearchServiceTest#testCallFailIOException: 172</li>
          <li>com.moneydance.modules.features.paypal.service.TransactionSearchServiceTest#testCallFailSSLException: 194</li>
          <li>com.moneydance.modules.features.paypal.service.TransactionSearchServiceTest#testCallFailInvalidCredentialException: 216</li>
          <li>com.moneydance.modules.features.paypal.service.TransactionSearchServiceTest#testCallFailHttpErrorException: 238</li>
          <li>com.moneydance.modules.features.paypal.service.TransactionSearchServiceTest#testCallFailInvalidResponseDataException: 260</li>
          <li>com.moneydance.modules.features.paypal.service.TransactionSearchServiceTest#testCallFailClientActionRequiredException: 282</li>
          <li>com.moneydance.modules.features.paypal.service.TransactionSearchServiceTest#testCallFailMissingCredentialException: 304</li>
          <li>com.moneydance.modules.features.paypal.service.TransactionSearchServiceTest#testCallFailOAuthException: 326</li>
          <li>com.moneydance.modules.features.paypal.service.TransactionSearchServiceTest#testCallFailInterruptedException: 348</li>
          <li>com.moneydance.modules.features.paypal.service.TransactionSearchServiceTest#testCallFailParserConfigurationException: 370</li>
          <li>com.moneydance.modules.features.paypal.service.TransactionSearchServiceTest#testCallFailSAXException: 392</li>
        </ol>
      </td>
    </tr>
    <tr>
      <td class='line'>83</td><td class='count'>32</td>
      <td><pre class='prettyprint covered cp' onclick='showHide(this)' id='l83s0'>        this.dateFormat = new SimpleDateFormat(</pre>
        <ol style='display: none'>
          <li>com.moneydance.modules.features.paypal.service.TransactionSearchServiceTest#testCallSuccessfulEmpty: 63x2</li>
          <li>com.moneydance.modules.features.paypal.service.TransactionSearchServiceTest#testCallSuccessfulFilled: 86x2</li>
          <li>com.moneydance.modules.features.paypal.service.TransactionSearchServiceTest#testCallFail: 106x2</li>
          <li>com.moneydance.modules.features.paypal.service.TransactionSearchServiceTest#testCallFailUnknownHostException: 128x2</li>
          <li>com.moneydance.modules.features.paypal.service.TransactionSearchServiceTest#testCallFailSocketException: 150x2</li>
          <li>com.moneydance.modules.features.paypal.service.TransactionSearchServiceTest#testCallFailIOException: 172x2</li>
          <li>com.moneydance.modules.features.paypal.service.TransactionSearchServiceTest#testCallFailSSLException: 194x2</li>
          <li>com.moneydance.modules.features.paypal.service.TransactionSearchServiceTest#testCallFailInvalidCredentialException: 216x2</li>
          <li>com.moneydance.modules.features.paypal.service.TransactionSearchServiceTest#testCallFailHttpErrorException: 238x2</li>
          <li>com.moneydance.modules.features.paypal.service.TransactionSearchServiceTest#testCallFailInvalidResponseDataException: 260x2</li>
          <li>com.moneydance.modules.features.paypal.service.TransactionSearchServiceTest#testCallFailClientActionRequiredException: 282x2</li>
          <li>com.moneydance.modules.features.paypal.service.TransactionSearchServiceTest#testCallFailMissingCredentialException: 304x2</li>
          <li>com.moneydance.modules.features.paypal.service.TransactionSearchServiceTest#testCallFailOAuthException: 326x2</li>
          <li>com.moneydance.modules.features.paypal.service.TransactionSearchServiceTest#testCallFailInterruptedException: 348x2</li>
          <li>com.moneydance.modules.features.paypal.service.TransactionSearchServiceTest#testCallFailParserConfigurationException: 370x2</li>
          <li>com.moneydance.modules.features.paypal.service.TransactionSearchServiceTest#testCallFailSAXException: 392</li>
        </ol>
      </td>
    </tr>
    <tr>
      <td class='line'>84</td><td class='count'>16</td>
      <td><pre class='prettyprint covered cp' onclick='showHide(this)' id='l84s0'>                Helper.INSTANCE.getSettings().getDatePattern(), Locale.US);</pre>
        <ol style='display: none'>
          <li>com.moneydance.modules.features.paypal.service.TransactionSearchServiceTest#testCallSuccessfulEmpty: 63</li>
          <li>com.moneydance.modules.features.paypal.service.TransactionSearchServiceTest#testCallSuccessfulFilled: 86</li>
          <li>com.moneydance.modules.features.paypal.service.TransactionSearchServiceTest#testCallFail: 106</li>
          <li>com.moneydance.modules.features.paypal.service.TransactionSearchServiceTest#testCallFailUnknownHostException: 128</li>
          <li>com.moneydance.modules.features.paypal.service.TransactionSearchServiceTest#testCallFailSocketException: 150</li>
          <li>com.moneydance.modules.features.paypal.service.TransactionSearchServiceTest#testCallFailIOException: 172</li>
          <li>com.moneydance.modules.features.paypal.service.TransactionSearchServiceTest#testCallFailSSLException: 194</li>
          <li>com.moneydance.modules.features.paypal.service.TransactionSearchServiceTest#testCallFailInvalidCredentialException: 216</li>
          <li>com.moneydance.modules.features.paypal.service.TransactionSearchServiceTest#testCallFailHttpErrorException: 238</li>
          <li>com.moneydance.modules.features.paypal.service.TransactionSearchServiceTest#testCallFailInvalidResponseDataException: 260</li>
          <li>com.moneydance.modules.features.paypal.service.TransactionSearchServiceTest#testCallFailClientActionRequiredException: 282</li>
          <li>com.moneydance.modules.features.paypal.service.TransactionSearchServiceTest#testCallFailMissingCredentialException: 304</li>
          <li>com.moneydance.modules.features.paypal.service.TransactionSearchServiceTest#testCallFailOAuthException: 326</li>
          <li>com.moneydance.modules.features.paypal.service.TransactionSearchServiceTest#testCallFailInterruptedException: 348</li>
          <li>com.moneydance.modules.features.paypal.service.TransactionSearchServiceTest#testCallFailParserConfigurationException: 370</li>
          <li>com.moneydance.modules.features.paypal.service.TransactionSearchServiceTest#testCallFailSAXException: 392</li>
        </ol>
      </td>
    </tr>
    <tr>
      <td class='line'>85</td><td class='count'>16</td>
      <td><pre class='prettyprint covered cp' onclick='showHide(this)' id='l85s0'>    }</pre>
        <ol style='display: none'>
          <li>com.moneydance.modules.features.paypal.service.TransactionSearchServiceTest#testCallSuccessfulEmpty: 63</li>
          <li>com.moneydance.modules.features.paypal.service.TransactionSearchServiceTest#testCallSuccessfulFilled: 86</li>
          <li>com.moneydance.modules.features.paypal.service.TransactionSearchServiceTest#testCallFail: 106</li>
          <li>com.moneydance.modules.features.paypal.service.TransactionSearchServiceTest#testCallFailUnknownHostException: 128</li>
          <li>com.moneydance.modules.features.paypal.service.TransactionSearchServiceTest#testCallFailSocketException: 150</li>
          <li>com.moneydance.modules.features.paypal.service.TransactionSearchServiceTest#testCallFailIOException: 172</li>
          <li>com.moneydance.modules.features.paypal.service.TransactionSearchServiceTest#testCallFailSSLException: 194</li>
          <li>com.moneydance.modules.features.paypal.service.TransactionSearchServiceTest#testCallFailInvalidCredentialException: 216</li>
          <li>com.moneydance.modules.features.paypal.service.TransactionSearchServiceTest#testCallFailHttpErrorException: 238</li>
          <li>com.moneydance.modules.features.paypal.service.TransactionSearchServiceTest#testCallFailInvalidResponseDataException: 260</li>
          <li>com.moneydance.modules.features.paypal.service.TransactionSearchServiceTest#testCallFailClientActionRequiredException: 282</li>
          <li>com.moneydance.modules.features.paypal.service.TransactionSearchServiceTest#testCallFailMissingCredentialException: 304</li>
          <li>com.moneydance.modules.features.paypal.service.TransactionSearchServiceTest#testCallFailOAuthException: 326</li>
          <li>com.moneydance.modules.features.paypal.service.TransactionSearchServiceTest#testCallFailInterruptedException: 348</li>
          <li>com.moneydance.modules.features.paypal.service.TransactionSearchServiceTest#testCallFailParserConfigurationException: 370</li>
          <li>com.moneydance.modules.features.paypal.service.TransactionSearchServiceTest#testCallFailSAXException: 392</li>
        </ol>
      </td>
    </tr>
    <tr><td class='line'></td><td colspan='2'>&nbsp;</td></tr>
    <tr>
      <td class='line'>87</td><td>&nbsp;</td>
      <td><pre class='prettyprint'>    @Override</pre></td>
    </tr>
    <tr>
      <td class='line'>88</td><td>&nbsp;</td>
      <td><pre class='prettyprint'>    public ServiceResult&lt;PaymentTransactionSearchResultType> call() {</pre></td>
    </tr>
    <tr>
      <td></td><td class='count'>3</td>
      <td class='paths'>
        <span style='cursor:default; background-color:#bf4000' onclick='hidePath()'>Path coverage: 3/12</span>
        <span class='uncovered' onclick="showPath(this,'l90s0 l99s0 l102s0 l104s0 l124s0 l130s0 l162s0')">A: 0</span>
        <span class='uncovered' onclick="showPath(this,'l90s0 l99s0 l102s0 l104s0 l124s0 l130s0 l131s0 l162s0')">B: 0</span>
        <span class='uncovered' onclick="showPath(this,'l90s0 l99s0 l102s0 l104s0 l124s0 l125s0 l130s0 l162s0')">C: 0</span>
        <span class='uncovered' onclick="showPath(this,'l90s0 l99s0 l102s0 l104s0 l124s0 l125s0 l130s0 l131s0 l162s0')">D: 0</span>
        <span class='uncovered' onclick="showPath(this,'l90s0 l99s0 l102s0 l104s0 l124s0 l125s0 l126s0 l130s0 l162s0')">E: 0</span>
        <span class='uncovered' onclick="showPath(this,'l90s0 l99s0 l102s0 l104s0 l124s0 l125s0 l126s0 l130s0 l131s0 l162s0')">F: 0</span>
        <span class='uncovered' onclick="showPath(this,'l90s0 l99s0 l100s0 l104s0 l124s0 l130s0 l162s0')">G: 0</span>
        <span class='covered' onclick="showPath(this,'l90s0 l99s0 l100s0 l104s0 l124s0 l130s0 l131s0 l162s0')">H: 1</span>
        <span class='uncovered' onclick="showPath(this,'l90s0 l99s0 l100s0 l104s0 l124s0 l125s0 l130s0 l162s0')">I: 0</span>
        <span class='uncovered' onclick="showPath(this,'l90s0 l99s0 l100s0 l104s0 l124s0 l125s0 l130s0 l131s0 l162s0')">J: 0</span>
        <span class='covered' onclick="showPath(this,'l90s0 l99s0 l100s0 l104s0 l124s0 l125s0 l126s0 l130s0 l162s0')">K: 1</span>
        <span class='covered' onclick="showPath(this,'l90s0 l99s0 l100s0 l104s0 l124s0 l125s0 l126s0 l130s0 l131s0 l162s0')">L: 1</span>
      </td>
    </tr>
    <tr><td class='line'></td><td colspan='2'>&nbsp;</td></tr>
    <tr>
      <td class='line'>90</td><td class='count'>16</td>
      <td><pre class='prettyprint covered cp' onclick='showHide(this)' id='l90s0'>        List&lt;PaymentTransactionSearchResultType> results = null;</pre>
        <ol style='display: none'>
          <li>com.moneydance.modules.features.paypal.service.TransactionSearchServiceTest#testCallSuccessfulEmpty: 70</li>
          <li>com.moneydance.modules.features.paypal.service.TransactionSearchServiceTest#testCallSuccessfulFilled: 92</li>
          <li>com.moneydance.modules.features.paypal.service.TransactionSearchServiceTest#testCallFail: 113</li>
          <li>com.moneydance.modules.features.paypal.service.TransactionSearchServiceTest#testCallFailUnknownHostException: 135</li>
          <li>com.moneydance.modules.features.paypal.service.TransactionSearchServiceTest#testCallFailSocketException: 157</li>
          <li>com.moneydance.modules.features.paypal.service.TransactionSearchServiceTest#testCallFailIOException: 179</li>
          <li>com.moneydance.modules.features.paypal.service.TransactionSearchServiceTest#testCallFailSSLException: 201</li>
          <li>com.moneydance.modules.features.paypal.service.TransactionSearchServiceTest#testCallFailInvalidCredentialException: 223</li>
          <li>com.moneydance.modules.features.paypal.service.TransactionSearchServiceTest#testCallFailHttpErrorException: 245</li>
          <li>com.moneydance.modules.features.paypal.service.TransactionSearchServiceTest#testCallFailInvalidResponseDataException: 267</li>
          <li>com.moneydance.modules.features.paypal.service.TransactionSearchServiceTest#testCallFailClientActionRequiredException: 289</li>
          <li>com.moneydance.modules.features.paypal.service.TransactionSearchServiceTest#testCallFailMissingCredentialException: 311</li>
          <li>com.moneydance.modules.features.paypal.service.TransactionSearchServiceTest#testCallFailOAuthException: 333</li>
          <li>com.moneydance.modules.features.paypal.service.TransactionSearchServiceTest#testCallFailInterruptedException: 355</li>
          <li>com.moneydance.modules.features.paypal.service.TransactionSearchServiceTest#testCallFailParserConfigurationException: 377</li>
          <li>com.moneydance.modules.features.paypal.service.TransactionSearchServiceTest#testCallFailSAXException: 399</li>
        </ol>
      </td>
    </tr>
    <tr>
      <td class='line'>91</td><td class='count'>16</td>
      <td><pre class='prettyprint covered cp' onclick='showHide(this)' id='l91s0'>        String errorCode = null;</pre>
        <ol style='display: none'>
          <li>com.moneydance.modules.features.paypal.service.TransactionSearchServiceTest#testCallSuccessfulEmpty: 70</li>
          <li>com.moneydance.modules.features.paypal.service.TransactionSearchServiceTest#testCallSuccessfulFilled: 92</li>
          <li>com.moneydance.modules.features.paypal.service.TransactionSearchServiceTest#testCallFail: 113</li>
          <li>com.moneydance.modules.features.paypal.service.TransactionSearchServiceTest#testCallFailUnknownHostException: 135</li>
          <li>com.moneydance.modules.features.paypal.service.TransactionSearchServiceTest#testCallFailSocketException: 157</li>
          <li>com.moneydance.modules.features.paypal.service.TransactionSearchServiceTest#testCallFailIOException: 179</li>
          <li>com.moneydance.modules.features.paypal.service.TransactionSearchServiceTest#testCallFailSSLException: 201</li>
          <li>com.moneydance.modules.features.paypal.service.TransactionSearchServiceTest#testCallFailInvalidCredentialException: 223</li>
          <li>com.moneydance.modules.features.paypal.service.TransactionSearchServiceTest#testCallFailHttpErrorException: 245</li>
          <li>com.moneydance.modules.features.paypal.service.TransactionSearchServiceTest#testCallFailInvalidResponseDataException: 267</li>
          <li>com.moneydance.modules.features.paypal.service.TransactionSearchServiceTest#testCallFailClientActionRequiredException: 289</li>
          <li>com.moneydance.modules.features.paypal.service.TransactionSearchServiceTest#testCallFailMissingCredentialException: 311</li>
          <li>com.moneydance.modules.features.paypal.service.TransactionSearchServiceTest#testCallFailOAuthException: 333</li>
          <li>com.moneydance.modules.features.paypal.service.TransactionSearchServiceTest#testCallFailInterruptedException: 355</li>
          <li>com.moneydance.modules.features.paypal.service.TransactionSearchServiceTest#testCallFailParserConfigurationException: 377</li>
          <li>com.moneydance.modules.features.paypal.service.TransactionSearchServiceTest#testCallFailSAXException: 399</li>
        </ol>
      </td>
    </tr>
    <tr>
      <td class='line'>92</td><td class='count'>16</td>
      <td><pre class='prettyprint covered cp' onclick='showHide(this)' id='l92s0'>        String errorMessage = null;</pre>
        <ol style='display: none'>
          <li>com.moneydance.modules.features.paypal.service.TransactionSearchServiceTest#testCallSuccessfulEmpty: 70</li>
          <li>com.moneydance.modules.features.paypal.service.TransactionSearchServiceTest#testCallSuccessfulFilled: 92</li>
          <li>com.moneydance.modules.features.paypal.service.TransactionSearchServiceTest#testCallFail: 113</li>
          <li>com.moneydance.modules.features.paypal.service.TransactionSearchServiceTest#testCallFailUnknownHostException: 135</li>
          <li>com.moneydance.modules.features.paypal.service.TransactionSearchServiceTest#testCallFailSocketException: 157</li>
          <li>com.moneydance.modules.features.paypal.service.TransactionSearchServiceTest#testCallFailIOException: 179</li>
          <li>com.moneydance.modules.features.paypal.service.TransactionSearchServiceTest#testCallFailSSLException: 201</li>
          <li>com.moneydance.modules.features.paypal.service.TransactionSearchServiceTest#testCallFailInvalidCredentialException: 223</li>
          <li>com.moneydance.modules.features.paypal.service.TransactionSearchServiceTest#testCallFailHttpErrorException: 245</li>
          <li>com.moneydance.modules.features.paypal.service.TransactionSearchServiceTest#testCallFailInvalidResponseDataException: 267</li>
          <li>com.moneydance.modules.features.paypal.service.TransactionSearchServiceTest#testCallFailClientActionRequiredException: 289</li>
          <li>com.moneydance.modules.features.paypal.service.TransactionSearchServiceTest#testCallFailMissingCredentialException: 311</li>
          <li>com.moneydance.modules.features.paypal.service.TransactionSearchServiceTest#testCallFailOAuthException: 333</li>
          <li>com.moneydance.modules.features.paypal.service.TransactionSearchServiceTest#testCallFailInterruptedException: 355</li>
          <li>com.moneydance.modules.features.paypal.service.TransactionSearchServiceTest#testCallFailParserConfigurationException: 377</li>
          <li>com.moneydance.modules.features.paypal.service.TransactionSearchServiceTest#testCallFailSAXException: 399</li>
        </ol>
      </td>
    </tr>
    <tr><td class='line'></td><td colspan='2'>&nbsp;</td></tr>
    <tr>
      <td class='line'>94</td><td class='count'>16</td>
      <td><pre class='prettyprint covered cp' onclick='showHide(this)' id='l94s0'>        TransactionSearchRequestType txnType =</pre>
        <ol style='display: none'>
          <li>com.moneydance.modules.features.paypal.service.TransactionSearchServiceTest#testCallSuccessfulEmpty: 70</li>
          <li>com.moneydance.modules.features.paypal.service.TransactionSearchServiceTest#testCallSuccessfulFilled: 92</li>
          <li>com.moneydance.modules.features.paypal.service.TransactionSearchServiceTest#testCallFail: 113</li>
          <li>com.moneydance.modules.features.paypal.service.TransactionSearchServiceTest#testCallFailUnknownHostException: 135</li>
          <li>com.moneydance.modules.features.paypal.service.TransactionSearchServiceTest#testCallFailSocketException: 157</li>
          <li>com.moneydance.modules.features.paypal.service.TransactionSearchServiceTest#testCallFailIOException: 179</li>
          <li>com.moneydance.modules.features.paypal.service.TransactionSearchServiceTest#testCallFailSSLException: 201</li>
          <li>com.moneydance.modules.features.paypal.service.TransactionSearchServiceTest#testCallFailInvalidCredentialException: 223</li>
          <li>com.moneydance.modules.features.paypal.service.TransactionSearchServiceTest#testCallFailHttpErrorException: 245</li>
          <li>com.moneydance.modules.features.paypal.service.TransactionSearchServiceTest#testCallFailInvalidResponseDataException: 267</li>
          <li>com.moneydance.modules.features.paypal.service.TransactionSearchServiceTest#testCallFailClientActionRequiredException: 289</li>
          <li>com.moneydance.modules.features.paypal.service.TransactionSearchServiceTest#testCallFailMissingCredentialException: 311</li>
          <li>com.moneydance.modules.features.paypal.service.TransactionSearchServiceTest#testCallFailOAuthException: 333</li>
          <li>com.moneydance.modules.features.paypal.service.TransactionSearchServiceTest#testCallFailInterruptedException: 355</li>
          <li>com.moneydance.modules.features.paypal.service.TransactionSearchServiceTest#testCallFailParserConfigurationException: 377</li>
          <li>com.moneydance.modules.features.paypal.service.TransactionSearchServiceTest#testCallFailSAXException: 399</li>
        </ol>
      </td>
    </tr>
    <tr>
      <td class='line'>95</td><td class='count'>16</td>
      <td><pre class='prettyprint covered cp' onclick='showHide(this)' id='l95s0'>                new TransactionSearchRequestType();</pre>
        <ol style='display: none'>
          <li>com.moneydance.modules.features.paypal.service.TransactionSearchServiceTest#testCallSuccessfulEmpty: 70</li>
          <li>com.moneydance.modules.features.paypal.service.TransactionSearchServiceTest#testCallSuccessfulFilled: 92</li>
          <li>com.moneydance.modules.features.paypal.service.TransactionSearchServiceTest#testCallFail: 113</li>
          <li>com.moneydance.modules.features.paypal.service.TransactionSearchServiceTest#testCallFailUnknownHostException: 135</li>
          <li>com.moneydance.modules.features.paypal.service.TransactionSearchServiceTest#testCallFailSocketException: 157</li>
          <li>com.moneydance.modules.features.paypal.service.TransactionSearchServiceTest#testCallFailIOException: 179</li>
          <li>com.moneydance.modules.features.paypal.service.TransactionSearchServiceTest#testCallFailSSLException: 201</li>
          <li>com.moneydance.modules.features.paypal.service.TransactionSearchServiceTest#testCallFailInvalidCredentialException: 223</li>
          <li>com.moneydance.modules.features.paypal.service.TransactionSearchServiceTest#testCallFailHttpErrorException: 245</li>
          <li>com.moneydance.modules.features.paypal.service.TransactionSearchServiceTest#testCallFailInvalidResponseDataException: 267</li>
          <li>com.moneydance.modules.features.paypal.service.TransactionSearchServiceTest#testCallFailClientActionRequiredException: 289</li>
          <li>com.moneydance.modules.features.paypal.service.TransactionSearchServiceTest#testCallFailMissingCredentialException: 311</li>
          <li>com.moneydance.modules.features.paypal.service.TransactionSearchServiceTest#testCallFailOAuthException: 333</li>
          <li>com.moneydance.modules.features.paypal.service.TransactionSearchServiceTest#testCallFailInterruptedException: 355</li>
          <li>com.moneydance.modules.features.paypal.service.TransactionSearchServiceTest#testCallFailParserConfigurationException: 377</li>
          <li>com.moneydance.modules.features.paypal.service.TransactionSearchServiceTest#testCallFailSAXException: 399</li>
        </ol>
      </td>
    </tr>
    <tr>
      <td class='line'>96</td><td class='count'>16</td>
      <td><pre class='prettyprint covered cp' onclick='showHide(this)' id='l96s0'>        txnType.setCurrencyCode(this.currencyCode);</pre>
        <ol style='display: none'>
          <li>com.moneydance.modules.features.paypal.service.TransactionSearchServiceTest#testCallSuccessfulEmpty: 70</li>
          <li>com.moneydance.modules.features.paypal.service.TransactionSearchServiceTest#testCallSuccessfulFilled: 92</li>
          <li>com.moneydance.modules.features.paypal.service.TransactionSearchServiceTest#testCallFail: 113</li>
          <li>com.moneydance.modules.features.paypal.service.TransactionSearchServiceTest#testCallFailUnknownHostException: 135</li>
          <li>com.moneydance.modules.features.paypal.service.TransactionSearchServiceTest#testCallFailSocketException: 157</li>
          <li>com.moneydance.modules.features.paypal.service.TransactionSearchServiceTest#testCallFailIOException: 179</li>
          <li>com.moneydance.modules.features.paypal.service.TransactionSearchServiceTest#testCallFailSSLException: 201</li>
          <li>com.moneydance.modules.features.paypal.service.TransactionSearchServiceTest#testCallFailInvalidCredentialException: 223</li>
          <li>com.moneydance.modules.features.paypal.service.TransactionSearchServiceTest#testCallFailHttpErrorException: 245</li>
          <li>com.moneydance.modules.features.paypal.service.TransactionSearchServiceTest#testCallFailInvalidResponseDataException: 267</li>
          <li>com.moneydance.modules.features.paypal.service.TransactionSearchServiceTest#testCallFailClientActionRequiredException: 289</li>
          <li>com.moneydance.modules.features.paypal.service.TransactionSearchServiceTest#testCallFailMissingCredentialException: 311</li>
          <li>com.moneydance.modules.features.paypal.service.TransactionSearchServiceTest#testCallFailOAuthException: 333</li>
          <li>com.moneydance.modules.features.paypal.service.TransactionSearchServiceTest#testCallFailInterruptedException: 355</li>
          <li>com.moneydance.modules.features.paypal.service.TransactionSearchServiceTest#testCallFailParserConfigurationException: 377</li>
          <li>com.moneydance.modules.features.paypal.service.TransactionSearchServiceTest#testCallFailSAXException: 399</li>
        </ol>
      </td>
    </tr>
    <tr><td class='line'></td><td colspan='2'>&nbsp;</td></tr>
    <tr>
      <td class='line'>98</td><td>&nbsp;</td>
      <td><pre class='prettyprint'>        PaymentTransactionClassCodeType transactionClass;</pre></td>
    </tr>
    <tr>
      <td class='line'>99</td><td class='count'>16</td>
      <td><pre class='prettyprint jmp'>        <span id='l99s0' title='Executions: 16' class='covered cp' onclick='showHide(this,0)'>if (this.isPrimaryCurrency)</span> <span id='l99s1' title='Executions: 14' class='covered cp' onclick='showHide(this,1)'>{</span></pre>
        <ol style='display: none'>
          <li>com.moneydance.modules.features.paypal.service.TransactionSearchServiceTest#testCallSuccessfulEmpty: 70</li>
          <li>com.moneydance.modules.features.paypal.service.TransactionSearchServiceTest#testCallSuccessfulFilled: 92</li>
          <li>com.moneydance.modules.features.paypal.service.TransactionSearchServiceTest#testCallFail: 113</li>
          <li>com.moneydance.modules.features.paypal.service.TransactionSearchServiceTest#testCallFailUnknownHostException: 135</li>
          <li>com.moneydance.modules.features.paypal.service.TransactionSearchServiceTest#testCallFailSocketException: 157</li>
          <li>com.moneydance.modules.features.paypal.service.TransactionSearchServiceTest#testCallFailIOException: 179</li>
          <li>com.moneydance.modules.features.paypal.service.TransactionSearchServiceTest#testCallFailSSLException: 201</li>
          <li>com.moneydance.modules.features.paypal.service.TransactionSearchServiceTest#testCallFailInvalidCredentialException: 223</li>
          <li>com.moneydance.modules.features.paypal.service.TransactionSearchServiceTest#testCallFailHttpErrorException: 245</li>
          <li>com.moneydance.modules.features.paypal.service.TransactionSearchServiceTest#testCallFailInvalidResponseDataException: 267</li>
          <li>com.moneydance.modules.features.paypal.service.TransactionSearchServiceTest#testCallFailClientActionRequiredException: 289</li>
          <li>com.moneydance.modules.features.paypal.service.TransactionSearchServiceTest#testCallFailMissingCredentialException: 311</li>
          <li>com.moneydance.modules.features.paypal.service.TransactionSearchServiceTest#testCallFailOAuthException: 333</li>
          <li>com.moneydance.modules.features.paypal.service.TransactionSearchServiceTest#testCallFailInterruptedException: 355</li>
          <li>com.moneydance.modules.features.paypal.service.TransactionSearchServiceTest#testCallFailParserConfigurationException: 377</li>
          <li>com.moneydance.modules.features.paypal.service.TransactionSearchServiceTest#testCallFailSAXException: 399</li>
        </ol>
        <ol style='display: none'>
          <li>com.moneydance.modules.features.paypal.service.TransactionSearchServiceTest#testCallSuccessfulEmpty: 70</li>
          <li>com.moneydance.modules.features.paypal.service.TransactionSearchServiceTest#testCallSuccessfulFilled: 92</li>
          <li>com.moneydance.modules.features.paypal.service.TransactionSearchServiceTest#testCallFail: 113</li>
          <li>com.moneydance.modules.features.paypal.service.TransactionSearchServiceTest#testCallFailSocketException: 157</li>
          <li>com.moneydance.modules.features.paypal.service.TransactionSearchServiceTest#testCallFailSSLException: 201</li>
          <li>com.moneydance.modules.features.paypal.service.TransactionSearchServiceTest#testCallFailInvalidCredentialException: 223</li>
          <li>com.moneydance.modules.features.paypal.service.TransactionSearchServiceTest#testCallFailHttpErrorException: 245</li>
          <li>com.moneydance.modules.features.paypal.service.TransactionSearchServiceTest#testCallFailInvalidResponseDataException: 267</li>
          <li>com.moneydance.modules.features.paypal.service.TransactionSearchServiceTest#testCallFailClientActionRequiredException: 289</li>
          <li>com.moneydance.modules.features.paypal.service.TransactionSearchServiceTest#testCallFailMissingCredentialException: 311</li>
          <li>com.moneydance.modules.features.paypal.service.TransactionSearchServiceTest#testCallFailOAuthException: 333</li>
          <li>com.moneydance.modules.features.paypal.service.TransactionSearchServiceTest#testCallFailInterruptedException: 355</li>
          <li>com.moneydance.modules.features.paypal.service.TransactionSearchServiceTest#testCallFailParserConfigurationException: 377</li>
          <li>com.moneydance.modules.features.paypal.service.TransactionSearchServiceTest#testCallFailSAXException: 399</li>
        </ol>
      </td>
    </tr>
    <tr>
      <td class='line'>100</td><td class='count'>14</td>
      <td><pre class='prettyprint covered cp' onclick='showHide(this)' id='l100s0'>            transactionClass = PRIMARY_TXN_CLASS;</pre>
        <ol style='display: none'>
          <li>com.moneydance.modules.features.paypal.service.TransactionSearchServiceTest#testCallSuccessfulEmpty: 70</li>
          <li>com.moneydance.modules.features.paypal.service.TransactionSearchServiceTest#testCallSuccessfulFilled: 92</li>
          <li>com.moneydance.modules.features.paypal.service.TransactionSearchServiceTest#testCallFail: 113</li>
          <li>com.moneydance.modules.features.paypal.service.TransactionSearchServiceTest#testCallFailSocketException: 157</li>
          <li>com.moneydance.modules.features.paypal.service.TransactionSearchServiceTest#testCallFailSSLException: 201</li>
          <li>com.moneydance.modules.features.paypal.service.TransactionSearchServiceTest#testCallFailInvalidCredentialException: 223</li>
          <li>com.moneydance.modules.features.paypal.service.TransactionSearchServiceTest#testCallFailHttpErrorException: 245</li>
          <li>com.moneydance.modules.features.paypal.service.TransactionSearchServiceTest#testCallFailInvalidResponseDataException: 267</li>
          <li>com.moneydance.modules.features.paypal.service.TransactionSearchServiceTest#testCallFailClientActionRequiredException: 289</li>
          <li>com.moneydance.modules.features.paypal.service.TransactionSearchServiceTest#testCallFailMissingCredentialException: 311</li>
          <li>com.moneydance.modules.features.paypal.service.TransactionSearchServiceTest#testCallFailOAuthException: 333</li>
          <li>com.moneydance.modules.features.paypal.service.TransactionSearchServiceTest#testCallFailInterruptedException: 355</li>
          <li>com.moneydance.modules.features.paypal.service.TransactionSearchServiceTest#testCallFailParserConfigurationException: 377</li>
          <li>com.moneydance.modules.features.paypal.service.TransactionSearchServiceTest#testCallFailSAXException: 399</li>
        </ol>
      </td>
    </tr>
    <tr>
      <td class='line'>101</td><td class='count'>14</td>
      <td><pre class='prettyprint covered cp' onclick='showHide(this)' id='l101s0'>        } else {</pre>
        <ol style='display: none'>
          <li>com.moneydance.modules.features.paypal.service.TransactionSearchServiceTest#testCallSuccessfulEmpty: 70</li>
          <li>com.moneydance.modules.features.paypal.service.TransactionSearchServiceTest#testCallSuccessfulFilled: 92</li>
          <li>com.moneydance.modules.features.paypal.service.TransactionSearchServiceTest#testCallFail: 113</li>
          <li>com.moneydance.modules.features.paypal.service.TransactionSearchServiceTest#testCallFailSocketException: 157</li>
          <li>com.moneydance.modules.features.paypal.service.TransactionSearchServiceTest#testCallFailSSLException: 201</li>
          <li>com.moneydance.modules.features.paypal.service.TransactionSearchServiceTest#testCallFailInvalidCredentialException: 223</li>
          <li>com.moneydance.modules.features.paypal.service.TransactionSearchServiceTest#testCallFailHttpErrorException: 245</li>
          <li>com.moneydance.modules.features.paypal.service.TransactionSearchServiceTest#testCallFailInvalidResponseDataException: 267</li>
          <li>com.moneydance.modules.features.paypal.service.TransactionSearchServiceTest#testCallFailClientActionRequiredException: 289</li>
          <li>com.moneydance.modules.features.paypal.service.TransactionSearchServiceTest#testCallFailMissingCredentialException: 311</li>
          <li>com.moneydance.modules.features.paypal.service.TransactionSearchServiceTest#testCallFailOAuthException: 333</li>
          <li>com.moneydance.modules.features.paypal.service.TransactionSearchServiceTest#testCallFailInterruptedException: 355</li>
          <li>com.moneydance.modules.features.paypal.service.TransactionSearchServiceTest#testCallFailParserConfigurationException: 377</li>
          <li>com.moneydance.modules.features.paypal.service.TransactionSearchServiceTest#testCallFailSAXException: 399</li>
        </ol>
      </td>
    </tr>
    <tr>
      <td class='line'>102</td><td class='count'>2</td>
      <td><pre class='prettyprint covered cp' onclick='showHide(this)' id='l102s0'>            transactionClass = SECONDARY_TXN_CLASS;</pre>
        <ol style='display: none'>
          <li>com.moneydance.modules.features.paypal.service.TransactionSearchServiceTest#testCallFailUnknownHostException: 135</li>
          <li>com.moneydance.modules.features.paypal.service.TransactionSearchServiceTest#testCallFailIOException: 179</li>
        </ol>
      </td>
    </tr>
    <tr>
      <td class='line'>103</td><td>&nbsp;</td>
      <td><pre class='prettyprint'>        }</pre></td>
    </tr>
    <tr>
      <td class='line'>104</td><td class='count'>16</td>
      <td><pre class='prettyprint covered cp' onclick='showHide(this)' id='l104s0'>        txnType.setTransactionClass(transactionClass);</pre>
        <ol style='display: none'>
          <li>com.moneydance.modules.features.paypal.service.TransactionSearchServiceTest#testCallSuccessfulEmpty: 70</li>
          <li>com.moneydance.modules.features.paypal.service.TransactionSearchServiceTest#testCallSuccessfulFilled: 92</li>
          <li>com.moneydance.modules.features.paypal.service.TransactionSearchServiceTest#testCallFail: 113</li>
          <li>com.moneydance.modules.features.paypal.service.TransactionSearchServiceTest#testCallFailUnknownHostException: 135</li>
          <li>com.moneydance.modules.features.paypal.service.TransactionSearchServiceTest#testCallFailSocketException: 157</li>
          <li>com.moneydance.modules.features.paypal.service.TransactionSearchServiceTest#testCallFailIOException: 179</li>
          <li>com.moneydance.modules.features.paypal.service.TransactionSearchServiceTest#testCallFailSSLException: 201</li>
          <li>com.moneydance.modules.features.paypal.service.TransactionSearchServiceTest#testCallFailInvalidCredentialException: 223</li>
          <li>com.moneydance.modules.features.paypal.service.TransactionSearchServiceTest#testCallFailHttpErrorException: 245</li>
          <li>com.moneydance.modules.features.paypal.service.TransactionSearchServiceTest#testCallFailInvalidResponseDataException: 267</li>
          <li>com.moneydance.modules.features.paypal.service.TransactionSearchServiceTest#testCallFailClientActionRequiredException: 289</li>
          <li>com.moneydance.modules.features.paypal.service.TransactionSearchServiceTest#testCallFailMissingCredentialException: 311</li>
          <li>com.moneydance.modules.features.paypal.service.TransactionSearchServiceTest#testCallFailOAuthException: 333</li>
          <li>com.moneydance.modules.features.paypal.service.TransactionSearchServiceTest#testCallFailInterruptedException: 355</li>
          <li>com.moneydance.modules.features.paypal.service.TransactionSearchServiceTest#testCallFailParserConfigurationException: 377</li>
          <li>com.moneydance.modules.features.paypal.service.TransactionSearchServiceTest#testCallFailSAXException: 399</li>
        </ol>
      </td>
    </tr>
    <tr><td class='line'></td><td colspan='2'>&nbsp;</td></tr>
    <tr>
      <td class='line'>106</td><td>&nbsp;</td>
      <td><pre class='comment'>        //        // FIXME</pre></td>
    </tr>
    <tr>
      <td class='line'>107</td><td>&nbsp;</td>
      <td><pre class='comment'>        //        txnType.setInvoiceID("10001");</pre></td>
    </tr>
    <tr><td class='line'></td><td colspan='2'>&nbsp;</td></tr>
    <tr>
      <td class='line'>109</td><td class='count'>32</td>
      <td><pre class='prettyprint covered cp' onclick='showHide(this)' id='l109s0'>        txnType.setStartDate(this.dateFormat.format(</pre>
        <ol style='display: none'>
          <li>com.moneydance.modules.features.paypal.service.TransactionSearchServiceTest#testCallSuccessfulEmpty: 70x2</li>
          <li>com.moneydance.modules.features.paypal.service.TransactionSearchServiceTest#testCallSuccessfulFilled: 92x2</li>
          <li>com.moneydance.modules.features.paypal.service.TransactionSearchServiceTest#testCallFail: 113x2</li>
          <li>com.moneydance.modules.features.paypal.service.TransactionSearchServiceTest#testCallFailUnknownHostException: 135x2</li>
          <li>com.moneydance.modules.features.paypal.service.TransactionSearchServiceTest#testCallFailSocketException: 157x2</li>
          <li>com.moneydance.modules.features.paypal.service.TransactionSearchServiceTest#testCallFailIOException: 179x2</li>
          <li>com.moneydance.modules.features.paypal.service.TransactionSearchServiceTest#testCallFailSSLException: 201x2</li>
          <li>com.moneydance.modules.features.paypal.service.TransactionSearchServiceTest#testCallFailInvalidCredentialException: 223x2</li>
          <li>com.moneydance.modules.features.paypal.service.TransactionSearchServiceTest#testCallFailHttpErrorException: 245x2</li>
          <li>com.moneydance.modules.features.paypal.service.TransactionSearchServiceTest#testCallFailInvalidResponseDataException: 267x2</li>
          <li>com.moneydance.modules.features.paypal.service.TransactionSearchServiceTest#testCallFailClientActionRequiredException: 289x2</li>
          <li>com.moneydance.modules.features.paypal.service.TransactionSearchServiceTest#testCallFailMissingCredentialException: 311x2</li>
          <li>com.moneydance.modules.features.paypal.service.TransactionSearchServiceTest#testCallFailOAuthException: 333x2</li>
          <li>com.moneydance.modules.features.paypal.service.TransactionSearchServiceTest#testCallFailInterruptedException: 355x2</li>
          <li>com.moneydance.modules.features.paypal.service.TransactionSearchServiceTest#testCallFailParserConfigurationException: 377x2</li>
          <li>com.moneydance.modules.features.paypal.service.TransactionSearchServiceTest#testCallFailSAXException: 399</li>
        </ol>
      </td>
    </tr>
    <tr>
      <td class='line'>110</td><td class='count'>16</td>
      <td><pre class='prettyprint covered cp' onclick='showHide(this)' id='l110s0'>                Util.convertIntDateToLong(this.dateRange.getStartDateInt())));</pre>
        <ol style='display: none'>
          <li>com.moneydance.modules.features.paypal.service.TransactionSearchServiceTest#testCallSuccessfulEmpty: 70</li>
          <li>com.moneydance.modules.features.paypal.service.TransactionSearchServiceTest#testCallSuccessfulFilled: 92</li>
          <li>com.moneydance.modules.features.paypal.service.TransactionSearchServiceTest#testCallFail: 113</li>
          <li>com.moneydance.modules.features.paypal.service.TransactionSearchServiceTest#testCallFailUnknownHostException: 135</li>
          <li>com.moneydance.modules.features.paypal.service.TransactionSearchServiceTest#testCallFailSocketException: 157</li>
          <li>com.moneydance.modules.features.paypal.service.TransactionSearchServiceTest#testCallFailIOException: 179</li>
          <li>com.moneydance.modules.features.paypal.service.TransactionSearchServiceTest#testCallFailSSLException: 201</li>
          <li>com.moneydance.modules.features.paypal.service.TransactionSearchServiceTest#testCallFailInvalidCredentialException: 223</li>
          <li>com.moneydance.modules.features.paypal.service.TransactionSearchServiceTest#testCallFailHttpErrorException: 245</li>
          <li>com.moneydance.modules.features.paypal.service.TransactionSearchServiceTest#testCallFailInvalidResponseDataException: 267</li>
          <li>com.moneydance.modules.features.paypal.service.TransactionSearchServiceTest#testCallFailClientActionRequiredException: 289</li>
          <li>com.moneydance.modules.features.paypal.service.TransactionSearchServiceTest#testCallFailMissingCredentialException: 311</li>
          <li>com.moneydance.modules.features.paypal.service.TransactionSearchServiceTest#testCallFailOAuthException: 333</li>
          <li>com.moneydance.modules.features.paypal.service.TransactionSearchServiceTest#testCallFailInterruptedException: 355</li>
          <li>com.moneydance.modules.features.paypal.service.TransactionSearchServiceTest#testCallFailParserConfigurationException: 377</li>
          <li>com.moneydance.modules.features.paypal.service.TransactionSearchServiceTest#testCallFailSAXException: 399</li>
        </ol>
      </td>
    </tr>
    <tr><td class='line'></td><td colspan='2'>&nbsp;</td></tr>
    <tr>
      <td class='line'>112</td><td class='count'>32</td>
      <td><pre class='prettyprint covered cp' onclick='showHide(this)' id='l112s0'>        txnType.setEndDate(this.dateFormat.format(</pre>
        <ol style='display: none'>
          <li>com.moneydance.modules.features.paypal.service.TransactionSearchServiceTest#testCallSuccessfulEmpty: 70x2</li>
          <li>com.moneydance.modules.features.paypal.service.TransactionSearchServiceTest#testCallSuccessfulFilled: 92x2</li>
          <li>com.moneydance.modules.features.paypal.service.TransactionSearchServiceTest#testCallFail: 113x2</li>
          <li>com.moneydance.modules.features.paypal.service.TransactionSearchServiceTest#testCallFailUnknownHostException: 135x2</li>
          <li>com.moneydance.modules.features.paypal.service.TransactionSearchServiceTest#testCallFailSocketException: 157x2</li>
          <li>com.moneydance.modules.features.paypal.service.TransactionSearchServiceTest#testCallFailIOException: 179x2</li>
          <li>com.moneydance.modules.features.paypal.service.TransactionSearchServiceTest#testCallFailSSLException: 201x2</li>
          <li>com.moneydance.modules.features.paypal.service.TransactionSearchServiceTest#testCallFailInvalidCredentialException: 223x2</li>
          <li>com.moneydance.modules.features.paypal.service.TransactionSearchServiceTest#testCallFailHttpErrorException: 245x2</li>
          <li>com.moneydance.modules.features.paypal.service.TransactionSearchServiceTest#testCallFailInvalidResponseDataException: 267x2</li>
          <li>com.moneydance.modules.features.paypal.service.TransactionSearchServiceTest#testCallFailClientActionRequiredException: 289x2</li>
          <li>com.moneydance.modules.features.paypal.service.TransactionSearchServiceTest#testCallFailMissingCredentialException: 311x2</li>
          <li>com.moneydance.modules.features.paypal.service.TransactionSearchServiceTest#testCallFailOAuthException: 333x2</li>
          <li>com.moneydance.modules.features.paypal.service.TransactionSearchServiceTest#testCallFailInterruptedException: 355x2</li>
          <li>com.moneydance.modules.features.paypal.service.TransactionSearchServiceTest#testCallFailParserConfigurationException: 377x2</li>
          <li>com.moneydance.modules.features.paypal.service.TransactionSearchServiceTest#testCallFailSAXException: 399</li>
        </ol>
      </td>
    </tr>
    <tr>
      <td class='line'>113</td><td class='count'>16</td>
      <td><pre class='prettyprint covered cp' onclick='showHide(this)' id='l113s0'>                Util.convertIntDateToLong(this.dateRange.getEndDateInt())));</pre>
        <ol style='display: none'>
          <li>com.moneydance.modules.features.paypal.service.TransactionSearchServiceTest#testCallSuccessfulEmpty: 70</li>
          <li>com.moneydance.modules.features.paypal.service.TransactionSearchServiceTest#testCallSuccessfulFilled: 92</li>
          <li>com.moneydance.modules.features.paypal.service.TransactionSearchServiceTest#testCallFail: 113</li>
          <li>com.moneydance.modules.features.paypal.service.TransactionSearchServiceTest#testCallFailUnknownHostException: 135</li>
          <li>com.moneydance.modules.features.paypal.service.TransactionSearchServiceTest#testCallFailSocketException: 157</li>
          <li>com.moneydance.modules.features.paypal.service.TransactionSearchServiceTest#testCallFailIOException: 179</li>
          <li>com.moneydance.modules.features.paypal.service.TransactionSearchServiceTest#testCallFailSSLException: 201</li>
          <li>com.moneydance.modules.features.paypal.service.TransactionSearchServiceTest#testCallFailInvalidCredentialException: 223</li>
          <li>com.moneydance.modules.features.paypal.service.TransactionSearchServiceTest#testCallFailHttpErrorException: 245</li>
          <li>com.moneydance.modules.features.paypal.service.TransactionSearchServiceTest#testCallFailInvalidResponseDataException: 267</li>
          <li>com.moneydance.modules.features.paypal.service.TransactionSearchServiceTest#testCallFailClientActionRequiredException: 289</li>
          <li>com.moneydance.modules.features.paypal.service.TransactionSearchServiceTest#testCallFailMissingCredentialException: 311</li>
          <li>com.moneydance.modules.features.paypal.service.TransactionSearchServiceTest#testCallFailOAuthException: 333</li>
          <li>com.moneydance.modules.features.paypal.service.TransactionSearchServiceTest#testCallFailInterruptedException: 355</li>
          <li>com.moneydance.modules.features.paypal.service.TransactionSearchServiceTest#testCallFailParserConfigurationException: 377</li>
          <li>com.moneydance.modules.features.paypal.service.TransactionSearchServiceTest#testCallFailSAXException: 399</li>
        </ol>
      </td>
    </tr>
    <tr><td class='line'></td><td colspan='2'>&nbsp;</td></tr>
    <tr>
      <td class='line'>115</td><td class='count'>16</td>
      <td><pre class='prettyprint covered cp' onclick='showHide(this)' id='l115s0'>        txnType.setErrorLanguage(this.errorLocale.toString());</pre>
        <ol style='display: none'>
          <li>com.moneydance.modules.features.paypal.service.TransactionSearchServiceTest#testCallSuccessfulEmpty: 70</li>
          <li>com.moneydance.modules.features.paypal.service.TransactionSearchServiceTest#testCallSuccessfulFilled: 92</li>
          <li>com.moneydance.modules.features.paypal.service.TransactionSearchServiceTest#testCallFail: 113</li>
          <li>com.moneydance.modules.features.paypal.service.TransactionSearchServiceTest#testCallFailUnknownHostException: 135</li>
          <li>com.moneydance.modules.features.paypal.service.TransactionSearchServiceTest#testCallFailSocketException: 157</li>
          <li>com.moneydance.modules.features.paypal.service.TransactionSearchServiceTest#testCallFailIOException: 179</li>
          <li>com.moneydance.modules.features.paypal.service.TransactionSearchServiceTest#testCallFailSSLException: 201</li>
          <li>com.moneydance.modules.features.paypal.service.TransactionSearchServiceTest#testCallFailInvalidCredentialException: 223</li>
          <li>com.moneydance.modules.features.paypal.service.TransactionSearchServiceTest#testCallFailHttpErrorException: 245</li>
          <li>com.moneydance.modules.features.paypal.service.TransactionSearchServiceTest#testCallFailInvalidResponseDataException: 267</li>
          <li>com.moneydance.modules.features.paypal.service.TransactionSearchServiceTest#testCallFailClientActionRequiredException: 289</li>
          <li>com.moneydance.modules.features.paypal.service.TransactionSearchServiceTest#testCallFailMissingCredentialException: 311</li>
          <li>com.moneydance.modules.features.paypal.service.TransactionSearchServiceTest#testCallFailOAuthException: 333</li>
          <li>com.moneydance.modules.features.paypal.service.TransactionSearchServiceTest#testCallFailInterruptedException: 355</li>
          <li>com.moneydance.modules.features.paypal.service.TransactionSearchServiceTest#testCallFailParserConfigurationException: 377</li>
          <li>com.moneydance.modules.features.paypal.service.TransactionSearchServiceTest#testCallFailSAXException: 399</li>
        </ol>
      </td>
    </tr>
    <tr><td class='line'></td><td colspan='2'>&nbsp;</td></tr>
    <tr>
      <td class='line'>117</td><td class='count'>16</td>
      <td><pre class='prettyprint covered cp' onclick='showHide(this)' id='l117s0'>        TransactionSearchReq txnreq = new TransactionSearchReq();</pre>
        <ol style='display: none'>
          <li>com.moneydance.modules.features.paypal.service.TransactionSearchServiceTest#testCallSuccessfulEmpty: 70</li>
          <li>com.moneydance.modules.features.paypal.service.TransactionSearchServiceTest#testCallSuccessfulFilled: 92</li>
          <li>com.moneydance.modules.features.paypal.service.TransactionSearchServiceTest#testCallFail: 113</li>
          <li>com.moneydance.modules.features.paypal.service.TransactionSearchServiceTest#testCallFailUnknownHostException: 135</li>
          <li>com.moneydance.modules.features.paypal.service.TransactionSearchServiceTest#testCallFailSocketException: 157</li>
          <li>com.moneydance.modules.features.paypal.service.TransactionSearchServiceTest#testCallFailIOException: 179</li>
          <li>com.moneydance.modules.features.paypal.service.TransactionSearchServiceTest#testCallFailSSLException: 201</li>
          <li>com.moneydance.modules.features.paypal.service.TransactionSearchServiceTest#testCallFailInvalidCredentialException: 223</li>
          <li>com.moneydance.modules.features.paypal.service.TransactionSearchServiceTest#testCallFailHttpErrorException: 245</li>
          <li>com.moneydance.modules.features.paypal.service.TransactionSearchServiceTest#testCallFailInvalidResponseDataException: 267</li>
          <li>com.moneydance.modules.features.paypal.service.TransactionSearchServiceTest#testCallFailClientActionRequiredException: 289</li>
          <li>com.moneydance.modules.features.paypal.service.TransactionSearchServiceTest#testCallFailMissingCredentialException: 311</li>
          <li>com.moneydance.modules.features.paypal.service.TransactionSearchServiceTest#testCallFailOAuthException: 333</li>
          <li>com.moneydance.modules.features.paypal.service.TransactionSearchServiceTest#testCallFailInterruptedException: 355</li>
          <li>com.moneydance.modules.features.paypal.service.TransactionSearchServiceTest#testCallFailParserConfigurationException: 377</li>
          <li>com.moneydance.modules.features.paypal.service.TransactionSearchServiceTest#testCallFailSAXException: 399</li>
        </ol>
      </td>
    </tr>
    <tr>
      <td class='line'>118</td><td class='count'>16</td>
      <td><pre class='prettyprint covered cp' onclick='showHide(this)' id='l118s0'>        txnreq.setTransactionSearchRequest(txnType);</pre>
        <ol style='display: none'>
          <li>com.moneydance.modules.features.paypal.service.TransactionSearchServiceTest#testCallSuccessfulEmpty: 70</li>
          <li>com.moneydance.modules.features.paypal.service.TransactionSearchServiceTest#testCallSuccessfulFilled: 92</li>
          <li>com.moneydance.modules.features.paypal.service.TransactionSearchServiceTest#testCallFail: 113</li>
          <li>com.moneydance.modules.features.paypal.service.TransactionSearchServiceTest#testCallFailUnknownHostException: 135</li>
          <li>com.moneydance.modules.features.paypal.service.TransactionSearchServiceTest#testCallFailSocketException: 157</li>
          <li>com.moneydance.modules.features.paypal.service.TransactionSearchServiceTest#testCallFailIOException: 179</li>
          <li>com.moneydance.modules.features.paypal.service.TransactionSearchServiceTest#testCallFailSSLException: 201</li>
          <li>com.moneydance.modules.features.paypal.service.TransactionSearchServiceTest#testCallFailInvalidCredentialException: 223</li>
          <li>com.moneydance.modules.features.paypal.service.TransactionSearchServiceTest#testCallFailHttpErrorException: 245</li>
          <li>com.moneydance.modules.features.paypal.service.TransactionSearchServiceTest#testCallFailInvalidResponseDataException: 267</li>
          <li>com.moneydance.modules.features.paypal.service.TransactionSearchServiceTest#testCallFailClientActionRequiredException: 289</li>
          <li>com.moneydance.modules.features.paypal.service.TransactionSearchServiceTest#testCallFailMissingCredentialException: 311</li>
          <li>com.moneydance.modules.features.paypal.service.TransactionSearchServiceTest#testCallFailOAuthException: 333</li>
          <li>com.moneydance.modules.features.paypal.service.TransactionSearchServiceTest#testCallFailInterruptedException: 355</li>
          <li>com.moneydance.modules.features.paypal.service.TransactionSearchServiceTest#testCallFailParserConfigurationException: 377</li>
          <li>com.moneydance.modules.features.paypal.service.TransactionSearchServiceTest#testCallFailSAXException: 399</li>
        </ol>
      </td>
    </tr>
    <tr><td class='line'></td><td colspan='2'>&nbsp;</td></tr>
    <tr>
      <td class='line'>120</td><td>&nbsp;</td>
      <td><pre class='prettyprint'>        try {</pre></td>
    </tr>
    <tr>
      <td class='line'>121</td><td class='count'>3</td>
      <td><pre class='prettyprint covered cp' onclick='showHide(this)' id='l121s0'>            TransactionSearchResponseType txnResponse =</pre>
        <ol style='display: none'>
          <li>com.moneydance.modules.features.paypal.service.TransactionSearchServiceTest#testCallSuccessfulEmpty: 70</li>
          <li>com.moneydance.modules.features.paypal.service.TransactionSearchServiceTest#testCallSuccessfulFilled: 92</li>
          <li>com.moneydance.modules.features.paypal.service.TransactionSearchServiceTest#testCallFail: 113</li>
        </ol>
      </td>
    </tr>
    <tr>
      <td class='line'>122</td><td class='count'>16</td>
      <td><pre class='prettyprint covered cp' onclick='showHide(this)' id='l122s0'>                    this.service.transactionSearch(txnreq);</pre>
        <ol style='display: none'>
          <li>com.moneydance.modules.features.paypal.service.TransactionSearchServiceTest#testCallSuccessfulEmpty: 70</li>
          <li>com.moneydance.modules.features.paypal.service.TransactionSearchServiceTest#testCallSuccessfulFilled: 92</li>
          <li>com.moneydance.modules.features.paypal.service.TransactionSearchServiceTest#testCallFail: 113</li>
          <li>com.moneydance.modules.features.paypal.service.TransactionSearchServiceTest#testCallFailUnknownHostException: 135</li>
          <li>com.moneydance.modules.features.paypal.service.TransactionSearchServiceTest#testCallFailSocketException: 157</li>
          <li>com.moneydance.modules.features.paypal.service.TransactionSearchServiceTest#testCallFailIOException: 179</li>
          <li>com.moneydance.modules.features.paypal.service.TransactionSearchServiceTest#testCallFailSSLException: 201</li>
          <li>com.moneydance.modules.features.paypal.service.TransactionSearchServiceTest#testCallFailInvalidCredentialException: 223</li>
          <li>com.moneydance.modules.features.paypal.service.TransactionSearchServiceTest#testCallFailHttpErrorException: 245</li>
          <li>com.moneydance.modules.features.paypal.service.TransactionSearchServiceTest#testCallFailInvalidResponseDataException: 267</li>
          <li>com.moneydance.modules.features.paypal.service.TransactionSearchServiceTest#testCallFailClientActionRequiredException: 289</li>
          <li>com.moneydance.modules.features.paypal.service.TransactionSearchServiceTest#testCallFailMissingCredentialException: 311</li>
          <li>com.moneydance.modules.features.paypal.service.TransactionSearchServiceTest#testCallFailOAuthException: 333</li>
          <li>com.moneydance.modules.features.paypal.service.TransactionSearchServiceTest#testCallFailInterruptedException: 355</li>
          <li>com.moneydance.modules.features.paypal.service.TransactionSearchServiceTest#testCallFailParserConfigurationException: 377</li>
          <li>com.moneydance.modules.features.paypal.service.TransactionSearchServiceTest#testCallFailSAXException: 399</li>
        </ol>
      </td>
    </tr>
    <tr><td class='line'></td><td colspan='2'>&nbsp;</td></tr>
    <tr>
      <td class='line'>124</td><td class='count'>3</td>
      <td><pre class='prettyprint jmp'>            <span id='l124s0' title='Executions: 3' class='covered cp' onclick='showHide(this,0)'>if (txnResponse.getErrors() != null</span></pre>
        <ol style='display: none'>
          <li>com.moneydance.modules.features.paypal.service.TransactionSearchServiceTest#testCallSuccessfulEmpty: 70</li>
          <li>com.moneydance.modules.features.paypal.service.TransactionSearchServiceTest#testCallSuccessfulFilled: 92</li>
          <li>com.moneydance.modules.features.paypal.service.TransactionSearchServiceTest#testCallFail: 113</li>
        </ol>
      </td>
    </tr>
    <tr>
      <td class='line'>125</td><td class='count'>2</td>
      <td><pre class='prettyprint jmp'>                    && <span id='l125s1' title='Executions: 2' class='covered cp' onclick='showHide(this,1)'>!txnResponse.getErrors().isEmpty()) {</span></pre>
        <ol style='display: none'>
          <li>com.moneydance.modules.features.paypal.service.TransactionSearchServiceTest#testCallSuccessfulFilled: 92</li>
          <li>com.moneydance.modules.features.paypal.service.TransactionSearchServiceTest#testCallFail: 113</li>
        </ol>
      </td>
    </tr>
    <tr>
      <td class='line'>126</td><td class='count'>2</td>
      <td><pre class='prettyprint covered cp' onclick='showHide(this)' id='l126s0'>                errorCode = txnResponse.getErrors().get(0).getErrorCode();</pre>
        <ol style='display: none'>
          <li>com.moneydance.modules.features.paypal.service.TransactionSearchServiceTest#testCallSuccessfulFilled: 92</li>
          <li>com.moneydance.modules.features.paypal.service.TransactionSearchServiceTest#testCallFail: 113</li>
        </ol>
      </td>
    </tr>
    <tr>
      <td class='line'>127</td><td class='count'>2</td>
      <td><pre class='prettyprint covered cp' onclick='showHide(this)' id='l127s0'>                errorMessage = txnResponse.getErrors().get(0).getLongMessage();</pre>
        <ol style='display: none'>
          <li>com.moneydance.modules.features.paypal.service.TransactionSearchServiceTest#testCallSuccessfulFilled: 92</li>
          <li>com.moneydance.modules.features.paypal.service.TransactionSearchServiceTest#testCallFail: 113</li>
        </ol>
      </td>
    </tr>
    <tr>
      <td class='line'>128</td><td>&nbsp;</td>
      <td><pre class='prettyprint'>            }</pre></td>
    </tr>
    <tr><td class='line'></td><td colspan='2'>&nbsp;</td></tr>
    <tr>
      <td class='line'>130</td><td class='count'>3</td>
      <td><pre class='prettyprint jmp'>            <span id='l130s0' title='Executions: 3' class='covered cp' onclick='showHide(this,0)'>if (Arrays.asList(ACK_CODES).contains(txnResponse.getAck())) {</span></pre>
        <ol style='display: none'>
          <li>com.moneydance.modules.features.paypal.service.TransactionSearchServiceTest#testCallSuccessfulEmpty: 70</li>
          <li>com.moneydance.modules.features.paypal.service.TransactionSearchServiceTest#testCallSuccessfulFilled: 92</li>
          <li>com.moneydance.modules.features.paypal.service.TransactionSearchServiceTest#testCallFail: 113</li>
        </ol>
      </td>
    </tr>
    <tr>
      <td class='line'>131</td><td class='count'>2</td>
      <td><pre class='prettyprint covered cp' onclick='showHide(this)' id='l131s0'>                results = txnResponse.getPaymentTransactions();</pre>
        <ol style='display: none'>
          <li>com.moneydance.modules.features.paypal.service.TransactionSearchServiceTest#testCallSuccessfulEmpty: 70</li>
          <li>com.moneydance.modules.features.paypal.service.TransactionSearchServiceTest#testCallSuccessfulFilled: 92</li>
        </ol>
      </td>
    </tr>
    <tr>
      <td class='line'>132</td><td>&nbsp;</td>
      <td><pre class='prettyprint'>            }</pre></td>
    </tr>
    <tr><td class='line'></td><td colspan='2'>&nbsp;</td></tr>
    <tr>
      <td class='line'>134</td><td class='count'>2</td>
      <td><pre class='prettyprint covered cp' onclick='showHide(this)' id='l134s0'>        } catch (UnknownHostException e) {</pre>
        <ol style='display: none'>
          <li>com.moneydance.modules.features.paypal.service.TransactionSearchServiceTest#testCallSuccessfulEmpty: 70</li>
          <li>com.moneydance.modules.features.paypal.service.TransactionSearchServiceTest#testCallSuccessfulFilled: 92</li>
        </ol>
      </td>
    </tr>
    <tr>
      <td class='line'>135</td><td class='count'>1</td>
      <td><pre class='prettyprint covered cp' onclick='showHide(this)' id='l135s0'>            errorMessage = this.localizable.getErrorMessageConnectionFailed();</pre>
        <ol style='display: none'>
          <li>com.moneydance.modules.features.paypal.service.TransactionSearchServiceTest#testCallFailUnknownHostException: 135</li>
        </ol>
      </td>
    </tr>
    <tr>
      <td class='line'>136</td><td class='count'>1</td>
      <td><pre class='prettyprint covered cp' onclick='showHide(this)' id='l136s0'>        } catch (SocketException e) {</pre>
        <ol style='display: none'>
          <li>com.moneydance.modules.features.paypal.service.TransactionSearchServiceTest#testCallFailSocketException: 157</li>
        </ol>
      </td>
    </tr>
    <tr>
      <td class='line'>137</td><td class='count'>1</td>
      <td><pre class='prettyprint covered cp' onclick='showHide(this)' id='l137s0'>            errorMessage = this.localizable.getErrorMessageConnectionFailed();</pre>
        <ol style='display: none'>
          <li>com.moneydance.modules.features.paypal.service.TransactionSearchServiceTest#testCallFailSocketException: 157</li>
        </ol>
      </td>
    </tr>
    <tr>
      <td class='line'>138</td><td class='count'>1</td>
      <td><pre class='prettyprint covered cp' onclick='showHide(this)' id='l138s0'>        } catch (IOException e) {</pre>
        <ol style='display: none'>
          <li>com.moneydance.modules.features.paypal.service.TransactionSearchServiceTest#testCallFailIOException: 179</li>
        </ol>
      </td>
    </tr>
    <tr>
      <td class='line'>139</td><td class='count'>1</td>
      <td><pre class='prettyprint covered cp' onclick='showHide(this)' id='l139s0'>            errorMessage = e.getLocalizedMessage();</pre>
        <ol style='display: none'>
          <li>com.moneydance.modules.features.paypal.service.TransactionSearchServiceTest#testCallFailIOException: 179</li>
        </ol>
      </td>
    </tr>
    <tr>
      <td class='line'>140</td><td class='count'>1</td>
      <td><pre class='prettyprint covered cp' onclick='showHide(this)' id='l140s0'>        } catch (SSLConfigurationException e) {</pre>
        <ol style='display: none'>
          <li>com.moneydance.modules.features.paypal.service.TransactionSearchServiceTest#testCallFailSSLException: 201</li>
        </ol>
      </td>
    </tr>
    <tr>
      <td class='line'>141</td><td class='count'>1</td>
      <td><pre class='prettyprint covered cp' onclick='showHide(this)' id='l141s0'>            errorMessage = e.getLocalizedMessage();</pre>
        <ol style='display: none'>
          <li>com.moneydance.modules.features.paypal.service.TransactionSearchServiceTest#testCallFailSSLException: 201</li>
        </ol>
      </td>
    </tr>
    <tr>
      <td class='line'>142</td><td class='count'>1</td>
      <td><pre class='prettyprint covered cp' onclick='showHide(this)' id='l142s0'>        } catch (InvalidCredentialException e) {</pre>
        <ol style='display: none'>
          <li>com.moneydance.modules.features.paypal.service.TransactionSearchServiceTest#testCallFailInvalidCredentialException: 223</li>
        </ol>
      </td>
    </tr>
    <tr>
      <td class='line'>143</td><td class='count'>1</td>
      <td><pre class='prettyprint covered cp' onclick='showHide(this)' id='l143s0'>            errorMessage = e.getLocalizedMessage();</pre>
        <ol style='display: none'>
          <li>com.moneydance.modules.features.paypal.service.TransactionSearchServiceTest#testCallFailInvalidCredentialException: 223</li>
        </ol>
      </td>
    </tr>
    <tr>
      <td class='line'>144</td><td class='count'>1</td>
      <td><pre class='prettyprint covered cp' onclick='showHide(this)' id='l144s0'>        } catch (HttpErrorException e) {</pre>
        <ol style='display: none'>
          <li>com.moneydance.modules.features.paypal.service.TransactionSearchServiceTest#testCallFailHttpErrorException: 245</li>
        </ol>
      </td>
    </tr>
    <tr>
      <td class='line'>145</td><td class='count'>1</td>
      <td><pre class='prettyprint covered cp' onclick='showHide(this)' id='l145s0'>            errorMessage = e.getLocalizedMessage();</pre>
        <ol style='display: none'>
          <li>com.moneydance.modules.features.paypal.service.TransactionSearchServiceTest#testCallFailHttpErrorException: 245</li>
        </ol>
      </td>
    </tr>
    <tr>
      <td class='line'>146</td><td class='count'>1</td>
      <td><pre class='prettyprint covered cp' onclick='showHide(this)' id='l146s0'>        } catch (InvalidResponseDataException e) {</pre>
        <ol style='display: none'>
          <li>com.moneydance.modules.features.paypal.service.TransactionSearchServiceTest#testCallFailInvalidResponseDataException: 267</li>
        </ol>
      </td>
    </tr>
    <tr>
      <td class='line'>147</td><td class='count'>1</td>
      <td><pre class='prettyprint covered cp' onclick='showHide(this)' id='l147s0'>            errorMessage = e.getLocalizedMessage();</pre>
        <ol style='display: none'>
          <li>com.moneydance.modules.features.paypal.service.TransactionSearchServiceTest#testCallFailInvalidResponseDataException: 267</li>
        </ol>
      </td>
    </tr>
    <tr>
      <td class='line'>148</td><td class='count'>1</td>
      <td><pre class='prettyprint covered cp' onclick='showHide(this)' id='l148s0'>        } catch (ClientActionRequiredException e) {</pre>
        <ol style='display: none'>
          <li>com.moneydance.modules.features.paypal.service.TransactionSearchServiceTest#testCallFailClientActionRequiredException: 289</li>
        </ol>
      </td>
    </tr>
    <tr>
      <td class='line'>149</td><td class='count'>1</td>
      <td><pre class='prettyprint covered cp' onclick='showHide(this)' id='l149s0'>            errorMessage = e.getLocalizedMessage();</pre>
        <ol style='display: none'>
          <li>com.moneydance.modules.features.paypal.service.TransactionSearchServiceTest#testCallFailClientActionRequiredException: 289</li>
        </ol>
      </td>
    </tr>
    <tr>
      <td class='line'>150</td><td class='count'>1</td>
      <td><pre class='prettyprint covered cp' onclick='showHide(this)' id='l150s0'>        } catch (MissingCredentialException e) {</pre>
        <ol style='display: none'>
          <li>com.moneydance.modules.features.paypal.service.TransactionSearchServiceTest#testCallFailMissingCredentialException: 311</li>
        </ol>
      </td>
    </tr>
    <tr>
      <td class='line'>151</td><td class='count'>1</td>
      <td><pre class='prettyprint covered cp' onclick='showHide(this)' id='l151s0'>            errorMessage = e.getLocalizedMessage();</pre>
        <ol style='display: none'>
          <li>com.moneydance.modules.features.paypal.service.TransactionSearchServiceTest#testCallFailMissingCredentialException: 311</li>
        </ol>
      </td>
    </tr>
    <tr>
      <td class='line'>152</td><td class='count'>1</td>
      <td><pre class='prettyprint covered cp' onclick='showHide(this)' id='l152s0'>        } catch (OAuthException e) {</pre>
        <ol style='display: none'>
          <li>com.moneydance.modules.features.paypal.service.TransactionSearchServiceTest#testCallFailOAuthException: 333</li>
        </ol>
      </td>
    </tr>
    <tr>
      <td class='line'>153</td><td class='count'>1</td>
      <td><pre class='prettyprint covered cp' onclick='showHide(this)' id='l153s0'>            errorMessage = e.getLocalizedMessage();</pre>
        <ol style='display: none'>
          <li>com.moneydance.modules.features.paypal.service.TransactionSearchServiceTest#testCallFailOAuthException: 333</li>
        </ol>
      </td>
    </tr>
    <tr>
      <td class='line'>154</td><td class='count'>1</td>
      <td><pre class='prettyprint covered cp' onclick='showHide(this)' id='l154s0'>        } catch (InterruptedException e) {</pre>
        <ol style='display: none'>
          <li>com.moneydance.modules.features.paypal.service.TransactionSearchServiceTest#testCallFailInterruptedException: 355</li>
        </ol>
      </td>
    </tr>
    <tr>
      <td class='line'>155</td><td class='count'>1</td>
      <td><pre class='prettyprint covered cp' onclick='showHide(this)' id='l155s0'>            errorMessage = e.getLocalizedMessage();</pre>
        <ol style='display: none'>
          <li>com.moneydance.modules.features.paypal.service.TransactionSearchServiceTest#testCallFailInterruptedException: 355</li>
        </ol>
      </td>
    </tr>
    <tr>
      <td class='line'>156</td><td class='count'>1</td>
      <td><pre class='prettyprint covered cp' onclick='showHide(this)' id='l156s0'>        } catch (ParserConfigurationException e) {</pre>
        <ol style='display: none'>
          <li>com.moneydance.modules.features.paypal.service.TransactionSearchServiceTest#testCallFailParserConfigurationException: 377</li>
        </ol>
      </td>
    </tr>
    <tr>
      <td class='line'>157</td><td class='count'>1</td>
      <td><pre class='prettyprint covered cp' onclick='showHide(this)' id='l157s0'>            errorMessage = e.getLocalizedMessage();</pre>
        <ol style='display: none'>
          <li>com.moneydance.modules.features.paypal.service.TransactionSearchServiceTest#testCallFailParserConfigurationException: 377</li>
        </ol>
      </td>
    </tr>
    <tr>
      <td class='line'>158</td><td class='count'>1</td>
      <td><pre class='prettyprint covered cp' onclick='showHide(this)' id='l158s0'>        } catch (SAXException e) {</pre>
        <ol style='display: none'>
          <li>com.moneydance.modules.features.paypal.service.TransactionSearchServiceTest#testCallFailSAXException: 399</li>
        </ol>
      </td>
    </tr>
    <tr>
      <td class='line'>159</td><td class='count'>1</td>
      <td><pre class='prettyprint covered cp' onclick='showHide(this)' id='l159s0'>            errorMessage = e.getLocalizedMessage();</pre>
        <ol style='display: none'>
          <li>com.moneydance.modules.features.paypal.service.TransactionSearchServiceTest#testCallFailSAXException: 399</li>
        </ol>
      </td>
    </tr>
    <tr>
      <td class='line'>160</td><td>&nbsp;</td>
      <td><pre class='prettyprint'>        }</pre></td>
    </tr>
    <tr><td class='line'></td><td colspan='2'>&nbsp;</td></tr>
    <tr>
      <td class='line'>162</td><td class='count'>32</td>
      <td><pre class='prettyprint covered cp' onclick='showHide(this)' id='l162s0'>        return new ServiceResult&lt;PaymentTransactionSearchResultType>(</pre>
        <ol style='display: none'>
          <li>com.moneydance.modules.features.paypal.service.TransactionSearchServiceTest#testCallSuccessfulEmpty: 70x2</li>
          <li>com.moneydance.modules.features.paypal.service.TransactionSearchServiceTest#testCallSuccessfulFilled: 92x2</li>
          <li>com.moneydance.modules.features.paypal.service.TransactionSearchServiceTest#testCallFail: 113x2</li>
          <li>com.moneydance.modules.features.paypal.service.TransactionSearchServiceTest#testCallFailUnknownHostException: 135x2</li>
          <li>com.moneydance.modules.features.paypal.service.TransactionSearchServiceTest#testCallFailSocketException: 157x2</li>
          <li>com.moneydance.modules.features.paypal.service.TransactionSearchServiceTest#testCallFailIOException: 179x2</li>
          <li>com.moneydance.modules.features.paypal.service.TransactionSearchServiceTest#testCallFailSSLException: 201x2</li>
          <li>com.moneydance.modules.features.paypal.service.TransactionSearchServiceTest#testCallFailInvalidCredentialException: 223x2</li>
          <li>com.moneydance.modules.features.paypal.service.TransactionSearchServiceTest#testCallFailHttpErrorException: 245x2</li>
          <li>com.moneydance.modules.features.paypal.service.TransactionSearchServiceTest#testCallFailInvalidResponseDataException: 267x2</li>
          <li>com.moneydance.modules.features.paypal.service.TransactionSearchServiceTest#testCallFailClientActionRequiredException: 289x2</li>
          <li>com.moneydance.modules.features.paypal.service.TransactionSearchServiceTest#testCallFailMissingCredentialException: 311x2</li>
          <li>com.moneydance.modules.features.paypal.service.TransactionSearchServiceTest#testCallFailOAuthException: 333x2</li>
          <li>com.moneydance.modules.features.paypal.service.TransactionSearchServiceTest#testCallFailInterruptedException: 355x2</li>
          <li>com.moneydance.modules.features.paypal.service.TransactionSearchServiceTest#testCallFailParserConfigurationException: 377x2</li>
          <li>com.moneydance.modules.features.paypal.service.TransactionSearchServiceTest#testCallFailSAXException: 399</li>
        </ol>
      </td>
    </tr>
    <tr>
      <td class='line'>163</td><td class='count'>16</td>
      <td><pre class='prettyprint covered cp' onclick='showHide(this)' id='l163s0'>                results,</pre>
        <ol style='display: none'>
          <li>com.moneydance.modules.features.paypal.service.TransactionSearchServiceTest#testCallSuccessfulEmpty: 70</li>
          <li>com.moneydance.modules.features.paypal.service.TransactionSearchServiceTest#testCallSuccessfulFilled: 92</li>
          <li>com.moneydance.modules.features.paypal.service.TransactionSearchServiceTest#testCallFail: 113</li>
          <li>com.moneydance.modules.features.paypal.service.TransactionSearchServiceTest#testCallFailUnknownHostException: 135</li>
          <li>com.moneydance.modules.features.paypal.service.TransactionSearchServiceTest#testCallFailSocketException: 157</li>
          <li>com.moneydance.modules.features.paypal.service.TransactionSearchServiceTest#testCallFailIOException: 179</li>
          <li>com.moneydance.modules.features.paypal.service.TransactionSearchServiceTest#testCallFailSSLException: 201</li>
          <li>com.moneydance.modules.features.paypal.service.TransactionSearchServiceTest#testCallFailInvalidCredentialException: 223</li>
          <li>com.moneydance.modules.features.paypal.service.TransactionSearchServiceTest#testCallFailHttpErrorException: 245</li>
          <li>com.moneydance.modules.features.paypal.service.TransactionSearchServiceTest#testCallFailInvalidResponseDataException: 267</li>
          <li>com.moneydance.modules.features.paypal.service.TransactionSearchServiceTest#testCallFailClientActionRequiredException: 289</li>
          <li>com.moneydance.modules.features.paypal.service.TransactionSearchServiceTest#testCallFailMissingCredentialException: 311</li>
          <li>com.moneydance.modules.features.paypal.service.TransactionSearchServiceTest#testCallFailOAuthException: 333</li>
          <li>com.moneydance.modules.features.paypal.service.TransactionSearchServiceTest#testCallFailInterruptedException: 355</li>
          <li>com.moneydance.modules.features.paypal.service.TransactionSearchServiceTest#testCallFailParserConfigurationException: 377</li>
          <li>com.moneydance.modules.features.paypal.service.TransactionSearchServiceTest#testCallFailSAXException: 399</li>
        </ol>
      </td>
    </tr>
    <tr>
      <td class='line'>164</td><td class='count'>16</td>
      <td><pre class='prettyprint covered cp' onclick='showHide(this)' id='l164s0'>                errorCode,</pre>
        <ol style='display: none'>
          <li>com.moneydance.modules.features.paypal.service.TransactionSearchServiceTest#testCallSuccessfulEmpty: 70</li>
          <li>com.moneydance.modules.features.paypal.service.TransactionSearchServiceTest#testCallSuccessfulFilled: 92</li>
          <li>com.moneydance.modules.features.paypal.service.TransactionSearchServiceTest#testCallFail: 113</li>
          <li>com.moneydance.modules.features.paypal.service.TransactionSearchServiceTest#testCallFailUnknownHostException: 135</li>
          <li>com.moneydance.modules.features.paypal.service.TransactionSearchServiceTest#testCallFailSocketException: 157</li>
          <li>com.moneydance.modules.features.paypal.service.TransactionSearchServiceTest#testCallFailIOException: 179</li>
          <li>com.moneydance.modules.features.paypal.service.TransactionSearchServiceTest#testCallFailSSLException: 201</li>
          <li>com.moneydance.modules.features.paypal.service.TransactionSearchServiceTest#testCallFailInvalidCredentialException: 223</li>
          <li>com.moneydance.modules.features.paypal.service.TransactionSearchServiceTest#testCallFailHttpErrorException: 245</li>
          <li>com.moneydance.modules.features.paypal.service.TransactionSearchServiceTest#testCallFailInvalidResponseDataException: 267</li>
          <li>com.moneydance.modules.features.paypal.service.TransactionSearchServiceTest#testCallFailClientActionRequiredException: 289</li>
          <li>com.moneydance.modules.features.paypal.service.TransactionSearchServiceTest#testCallFailMissingCredentialException: 311</li>
          <li>com.moneydance.modules.features.paypal.service.TransactionSearchServiceTest#testCallFailOAuthException: 333</li>
          <li>com.moneydance.modules.features.paypal.service.TransactionSearchServiceTest#testCallFailInterruptedException: 355</li>
          <li>com.moneydance.modules.features.paypal.service.TransactionSearchServiceTest#testCallFailParserConfigurationException: 377</li>
          <li>com.moneydance.modules.features.paypal.service.TransactionSearchServiceTest#testCallFailSAXException: 399</li>
        </ol>
      </td>
    </tr>
    <tr>
      <td class='line'>165</td><td class='count'>16</td>
      <td><pre class='prettyprint covered cp' onclick='showHide(this)' id='l165s0'>                errorMessage);</pre>
        <ol style='display: none'>
          <li>com.moneydance.modules.features.paypal.service.TransactionSearchServiceTest#testCallSuccessfulEmpty: 70</li>
          <li>com.moneydance.modules.features.paypal.service.TransactionSearchServiceTest#testCallSuccessfulFilled: 92</li>
          <li>com.moneydance.modules.features.paypal.service.TransactionSearchServiceTest#testCallFail: 113</li>
          <li>com.moneydance.modules.features.paypal.service.TransactionSearchServiceTest#testCallFailUnknownHostException: 135</li>
          <li>com.moneydance.modules.features.paypal.service.TransactionSearchServiceTest#testCallFailSocketException: 157</li>
          <li>com.moneydance.modules.features.paypal.service.TransactionSearchServiceTest#testCallFailIOException: 179</li>
          <li>com.moneydance.modules.features.paypal.service.TransactionSearchServiceTest#testCallFailSSLException: 201</li>
          <li>com.moneydance.modules.features.paypal.service.TransactionSearchServiceTest#testCallFailInvalidCredentialException: 223</li>
          <li>com.moneydance.modules.features.paypal.service.TransactionSearchServiceTest#testCallFailHttpErrorException: 245</li>
          <li>com.moneydance.modules.features.paypal.service.TransactionSearchServiceTest#testCallFailInvalidResponseDataException: 267</li>
          <li>com.moneydance.modules.features.paypal.service.TransactionSearchServiceTest#testCallFailClientActionRequiredException: 289</li>
          <li>com.moneydance.modules.features.paypal.service.TransactionSearchServiceTest#testCallFailMissingCredentialException: 311</li>
          <li>com.moneydance.modules.features.paypal.service.TransactionSearchServiceTest#testCallFailOAuthException: 333</li>
          <li>com.moneydance.modules.features.paypal.service.TransactionSearchServiceTest#testCallFailInterruptedException: 355</li>
          <li>com.moneydance.modules.features.paypal.service.TransactionSearchServiceTest#testCallFailParserConfigurationException: 377</li>
          <li>com.moneydance.modules.features.paypal.service.TransactionSearchServiceTest#testCallFailSAXException: 399</li>
        </ol>
      </td>
    </tr>
    <tr>
      <td class='line'>166</td><td>&nbsp;</td>
      <td><pre class='prettyprint'>    }</pre></td>
    </tr>
    <tr>
      <td class='line'>167</td><td>&nbsp;</td>
      <td><pre class='prettyprint'>}</pre></td>
    </tr>
  </table>
</body>
</html>
